2025-11-18 19:55:57,589 INFO o.a.j.u.JMeterUtils: Setting Locale to en_EN
2025-11-18 19:55:57,611 INFO o.a.j.JMeter: Loading user properties from: C:\Tools\apache-jmeter-5.6.3\bin\user.properties
2025-11-18 19:55:57,612 INFO o.a.j.JMeter: Loading system properties from: C:\Tools\apache-jmeter-5.6.3\bin\system.properties
2025-11-18 19:55:57,613 INFO o.a.j.JMeter: Loading additional properties from: backend/tests/jmeter/props/local.properties
2025-11-18 19:55:57,626 INFO o.a.j.JMeter: Copyright (c) 1998-2024 The Apache Software Foundation
2025-11-18 19:55:57,626 INFO o.a.j.JMeter: Version 5.6.3
2025-11-18 19:55:57,626 INFO o.a.j.JMeter: java.version=24.0.2
2025-11-18 19:55:57,626 INFO o.a.j.JMeter: java.vm.name=Java HotSpot(TM) 64-Bit Server VM
2025-11-18 19:55:57,626 INFO o.a.j.JMeter: os.name=Windows 11
2025-11-18 19:55:57,626 INFO o.a.j.JMeter: os.arch=amd64
2025-11-18 19:55:57,626 INFO o.a.j.JMeter: os.version=10.0
2025-11-18 19:55:57,627 INFO o.a.j.JMeter: file.encoding=UTF-8
2025-11-18 19:55:57,627 INFO o.a.j.JMeter: java.awt.headless=true
2025-11-18 19:55:57,627 INFO o.a.j.JMeter: Max memory     =1073741824
2025-11-18 19:55:57,627 INFO o.a.j.JMeter: Available Processors =12
2025-11-18 19:55:57,644 INFO o.a.j.JMeter: Default Locale=English (EN)
2025-11-18 19:55:57,645 INFO o.a.j.JMeter: JMeter  Locale=English (EN)
2025-11-18 19:55:57,645 INFO o.a.j.JMeter: JMeterHome=C:\Tools\apache-jmeter-5.6.3
2025-11-18 19:55:57,645 INFO o.a.j.JMeter: user.dir  =C:\Users\Administrador\Desktop\teste-software-univas
2025-11-18 19:55:57,645 INFO o.a.j.JMeter: PWD       =C:\Users\Administrador\Desktop\teste-software-univas
2025-11-18 19:55:57,647 INFO o.a.j.JMeter: IP: 192.168.191.166 Name: UNI-LABF-7433 FullName: host.docker.internal
2025-11-18 19:55:57,662 INFO o.a.j.JMeter: Setting property 'jmeter.reportgenerator.outputdir' to:'C:\Users\Administrador\Desktop\teste-software-univas\backend\tests\jmeter\reports\tasks_load_test'
2025-11-18 19:55:57,666 INFO o.a.j.s.FileServer: Default base='C:\Users\Administrador\Desktop\teste-software-univas'
2025-11-18 19:55:57,667 INFO o.a.j.s.FileServer: Set new base='C:\Users\Administrador\Desktop\teste-software-univas\backend\tests\jmeter\plans'
2025-11-18 19:55:57,973 INFO o.a.j.s.SaveService: Testplan (JMX) version: 2.2. Testlog (JTL) version: 2.2
2025-11-18 19:55:58,007 INFO o.a.j.s.SaveService: Using SaveService properties version 5.0
2025-11-18 19:55:58,010 INFO o.a.j.s.SaveService: Using SaveService properties file encoding UTF-8
2025-11-18 19:55:58,012 INFO o.a.j.s.SaveService: Loading file: backend\tests\jmeter\plans\tasks_load_test.jmx
2025-11-18 19:55:58,059 INFO o.a.j.p.h.s.HTTPSamplerBase: Parser for text/html is org.apache.jmeter.protocol.http.parser.LagartoBasedHtmlParser
2025-11-18 19:55:58,059 INFO o.a.j.p.h.s.HTTPSamplerBase: Parser for application/xhtml+xml is org.apache.jmeter.protocol.http.parser.LagartoBasedHtmlParser
2025-11-18 19:55:58,059 INFO o.a.j.p.h.s.HTTPSamplerBase: Parser for application/xml is org.apache.jmeter.protocol.http.parser.LagartoBasedHtmlParser
2025-11-18 19:55:58,059 INFO o.a.j.p.h.s.HTTPSamplerBase: Parser for text/xml is org.apache.jmeter.protocol.http.parser.LagartoBasedHtmlParser
2025-11-18 19:55:58,059 INFO o.a.j.p.h.s.HTTPSamplerBase: Parser for text/vnd.wap.wml is org.apache.jmeter.protocol.http.parser.RegexpHTMLParser
2025-11-18 19:55:58,059 INFO o.a.j.p.h.s.HTTPSamplerBase: Parser for text/css is org.apache.jmeter.protocol.http.parser.CssParser
2025-11-18 19:55:58,085 INFO o.a.j.JMeter: Creating summariser <summary>
2025-11-18 19:55:58,087 INFO o.a.j.r.d.ReportGenerator: ReportGenerator will use for Parsing the separator: ','
2025-11-18 19:55:58,087 INFO o.a.j.r.d.ReportGenerator: Will generate report at end of test from  results file: backend/tests/jmeter/results/tasks_load_test.jtl
2025-11-18 19:55:58,087 INFO o.a.j.r.d.ReportGenerator: Reading report generator properties from: C:\Tools\apache-jmeter-5.6.3\bin\reportgenerator.properties
2025-11-18 19:55:58,100 INFO o.a.j.r.d.ReportGenerator: Merging with JMeter properties
2025-11-18 19:55:58,104 INFO o.a.j.r.c.ReportGeneratorConfiguration: Property 'jmeter.reportgenerator.temp_dir' not found, using default value 'temp' instead.
2025-11-18 19:55:58,106 INFO o.a.j.r.c.ReportGeneratorConfiguration: Property 'jmeter.reportgenerator.apdex_per_transaction' not found, using default value 'null' instead.
2025-11-18 19:55:58,107 INFO o.a.j.r.c.ReportGeneratorConfiguration: apdex_per_transaction is empty, not APDEX per transaction customization
2025-11-18 19:55:58,107 INFO o.a.j.r.c.ReportGeneratorConfiguration: Property 'jmeter.reportgenerator.sample_filter' not found, using default value 'null' instead.
2025-11-18 19:55:58,107 INFO o.a.j.r.c.ReportGeneratorConfiguration: Property 'jmeter.reportgenerator.report_title' not found, using default value 'null' instead.
2025-11-18 19:55:58,107 INFO o.a.j.r.c.ReportGeneratorConfiguration: Property 'jmeter.reportgenerator.start_date' not found, using default value 'null' instead.
2025-11-18 19:55:58,107 INFO o.a.j.r.c.ReportGeneratorConfiguration: Property 'jmeter.reportgenerator.end_date' not found, using default value 'null' instead.
2025-11-18 19:55:58,107 INFO o.a.j.r.c.ReportGeneratorConfiguration: Property 'jmeter.reportgenerator.date_format' not found, using default value 'null' instead.
2025-11-18 19:55:58,107 INFO o.a.j.r.c.ReportGeneratorConfiguration: Will use date range start date: null, end date: null
2025-11-18 19:55:58,111 INFO o.a.j.r.c.ReportGeneratorConfiguration: Property 'jmeter.reportgenerator.graph.totalTPS.exclude_controllers' not found, using default value 'false' instead.
2025-11-18 19:55:58,111 INFO o.a.j.r.c.ReportGeneratorConfiguration: Property 'jmeter.reportgenerator.graph.activeThreadsOverTime.exclude_controllers' not found, using default value 'false' instead.
2025-11-18 19:55:58,111 INFO o.a.j.r.c.ReportGeneratorConfiguration: Property 'jmeter.reportgenerator.graph.timeVsThreads.exclude_controllers' not found, using default value 'false' instead.
2025-11-18 19:55:58,111 INFO o.a.j.r.c.ReportGeneratorConfiguration: Property 'jmeter.reportgenerator.graph.responseTimeDistribution.exclude_controllers' not found, using default value 'false' instead.
2025-11-18 19:55:58,111 INFO o.a.j.r.c.ReportGeneratorConfiguration: Property 'jmeter.reportgenerator.graph.transactionsPerSecond.exclude_controllers' not found, using default value 'false' instead.
2025-11-18 19:55:58,111 INFO o.a.j.r.c.ReportGeneratorConfiguration: Property 'jmeter.reportgenerator.graph.responseTimePercentiles.exclude_controllers' not found, using default value 'false' instead.
2025-11-18 19:55:58,111 INFO o.a.j.r.c.ReportGeneratorConfiguration: Property 'jmeter.reportgenerator.graph.responseTimePercentilesOverTime.exclude_controllers' not found, using default value 'false' instead.
2025-11-18 19:55:58,111 INFO o.a.j.r.c.ReportGeneratorConfiguration: Property 'jmeter.reportgenerator.graph.responseTimesOverTime.exclude_controllers' not found, using default value 'false' instead.
2025-11-18 19:55:58,111 INFO o.a.j.r.c.ReportGeneratorConfiguration: Property 'jmeter.reportgenerator.graph.connectTimeOverTime.exclude_controllers' not found, using default value 'false' instead.
2025-11-18 19:55:58,111 INFO o.a.j.r.c.ReportGeneratorConfiguration: Property 'jmeter.reportgenerator.graph.latenciesOverTime.exclude_controllers' not found, using default value 'false' instead.
2025-11-18 19:55:58,112 INFO o.a.j.r.c.ReportGeneratorConfiguration: Property 'jmeter.reportgenerator.exporter.json.filters_only_sample_series' not found, using default value 'true' instead.
2025-11-18 19:55:58,112 INFO o.a.j.r.c.ReportGeneratorConfiguration: Property 'jmeter.reportgenerator.exporter.json.series_filter' not found, using default value '' instead.
2025-11-18 19:55:58,112 INFO o.a.j.r.c.ReportGeneratorConfiguration: Property 'jmeter.reportgenerator.exporter.json.show_controllers_only' not found, using default value 'false' instead.
2025-11-18 19:55:58,112 INFO o.a.j.r.c.ReportGeneratorConfiguration: Property 'jmeter.reportgenerator.exporter.html.filters_only_sample_series' not found, using default value 'true' instead.
2025-11-18 19:55:58,112 INFO o.a.j.r.c.ReportGeneratorConfiguration: Property 'jmeter.reportgenerator.exporter.html.series_filter' not found, using default value '' instead.
2025-11-18 19:55:58,113 INFO o.a.j.r.c.ReportGeneratorConfiguration: Property 'jmeter.reportgenerator.exporter.html.show_controllers_only' not found, using default value 'false' instead.
2025-11-18 19:55:58,131 INFO o.a.j.e.StandardJMeterEngine: Running the test!
2025-11-18 19:55:58,132 INFO o.a.j.s.SampleEvent: List of sample_variables: []
2025-11-18 19:55:58,132 INFO o.a.j.s.SampleEvent: List of sample_variables: []
2025-11-18 19:55:58,139 INFO o.a.j.e.u.CompoundVariable: Note: Function class names must contain the string: '.functions.'
2025-11-18 19:55:58,139 INFO o.a.j.e.u.CompoundVariable: Note: Function class names must not contain the string: '.gui.'
2025-11-18 19:55:58,206 INFO o.a.j.JMeter: Running test (1763506558206)
2025-11-18 19:55:58,227 INFO o.a.j.e.StandardJMeterEngine: Starting ThreadGroup: 1 : API
2025-11-18 19:55:58,227 INFO o.a.j.e.StandardJMeterEngine: Starting 100 threads for group API.
2025-11-18 19:55:58,227 INFO o.a.j.e.StandardJMeterEngine: Thread will continue on error
2025-11-18 19:55:58,228 INFO o.a.j.t.ThreadGroup: Starting thread group... number=1 threads=100 ramp-up=10 delayedStart=false
2025-11-18 19:55:58,234 INFO o.a.j.t.JMeterThread: Thread started: API 1-1
2025-11-18 19:55:58,253 INFO o.a.j.p.h.s.HTTPHCAbstractImpl: Local host = UNI-LABF-7433
2025-11-18 19:55:58,260 INFO o.a.j.t.ThreadGroup: Started thread group number 1
2025-11-18 19:55:58,260 INFO o.a.j.e.StandardJMeterEngine: Starting ThreadGroup: 2 : Users – 200 Tasks
2025-11-18 19:55:58,260 INFO o.a.j.e.StandardJMeterEngine: Starting 200 threads for group Users – 200 Tasks.
2025-11-18 19:55:58,260 INFO o.a.j.e.StandardJMeterEngine: Thread will continue on error
2025-11-18 19:55:58,260 INFO o.a.j.t.ThreadGroup: Starting thread group... number=2 threads=200 ramp-up=10 delayedStart=false
2025-11-18 19:55:58,261 INFO o.a.j.t.JMeterThread: Thread started: Users – 200 Tasks 2-1
2025-11-18 19:55:58,262 INFO o.a.j.p.h.s.HTTPHC4Impl: HTTP request retry count = 0
2025-11-18 19:55:58,264 INFO o.a.j.s.SampleResult: Note: Sample TimeStamps are START times
2025-11-18 19:55:58,265 INFO o.a.j.s.SampleResult: sampleresult.default.encoding is set to UTF-8
2025-11-18 19:55:58,265 INFO o.a.j.s.SampleResult: sampleresult.useNanoTime=true
2025-11-18 19:55:58,266 INFO o.a.j.s.SampleResult: sampleresult.nanoThreadSleep=5000
2025-11-18 19:55:58,313 INFO o.a.j.t.JMeterThread: Thread started: Users – 200 Tasks 2-2
2025-11-18 19:55:58,322 INFO o.a.j.t.ThreadGroup: Started thread group number 2
2025-11-18 19:55:58,322 INFO o.a.j.e.StandardJMeterEngine: All thread groups have been started
2025-11-18 19:55:58,331 INFO o.a.j.t.JMeterThread: Thread started: API 1-2
2025-11-18 19:55:58,362 INFO o.a.j.t.JMeterThread: Thread started: Users – 200 Tasks 2-3
2025-11-18 19:55:58,370 INFO o.a.j.t.JMeterThread: Thread is done: Users – 200 Tasks 2-3
2025-11-18 19:55:58,370 INFO o.a.j.t.JMeterThread: Thread is done: Users – 200 Tasks 2-2
2025-11-18 19:55:58,370 INFO o.a.j.t.JMeterThread: Thread finished: Users – 200 Tasks 2-3
2025-11-18 19:55:58,370 INFO o.a.j.t.JMeterThread: Thread finished: Users – 200 Tasks 2-2
2025-11-18 19:55:58,371 INFO o.a.j.t.JMeterThread: Thread is done: Users – 200 Tasks 2-1
2025-11-18 19:55:58,371 INFO o.a.j.t.JMeterThread: Thread finished: Users – 200 Tasks 2-1
2025-11-18 19:55:58,412 INFO o.a.j.t.JMeterThread: Thread started: Users – 200 Tasks 2-4
2025-11-18 19:55:58,413 INFO o.a.j.t.JMeterThread: Thread is done: Users – 200 Tasks 2-4
2025-11-18 19:55:58,414 INFO o.a.j.t.JMeterThread: Thread finished: Users – 200 Tasks 2-4
2025-11-18 19:55:58,431 INFO o.a.j.t.JMeterThread: Thread started: API 1-3
2025-11-18 19:55:58,441 INFO o.a.j.t.JMeterThread: Thread is done: API 1-3
2025-11-18 19:55:58,441 INFO o.a.j.t.JMeterThread: Thread finished: API 1-3
2025-11-18 19:55:58,441 INFO o.a.j.t.JMeterThread: Thread is done: API 1-1
2025-11-18 19:55:58,441 INFO o.a.j.t.JMeterThread: Thread finished: API 1-1
2025-11-18 19:55:58,441 INFO o.a.j.t.JMeterThread: Thread is done: API 1-2
2025-11-18 19:55:58,441 INFO o.a.j.t.JMeterThread: Thread finished: API 1-2
2025-11-18 19:55:58,462 INFO o.a.j.t.JMeterThread: Thread started: Users – 200 Tasks 2-5
2025-11-18 19:55:58,463 INFO o.a.j.t.JMeterThread: Thread is done: Users – 200 Tasks 2-5
2025-11-18 19:55:58,463 INFO o.a.j.t.JMeterThread: Thread finished: Users – 200 Tasks 2-5
2025-11-18 19:55:58,512 INFO o.a.j.t.JMeterThread: Thread started: Users – 200 Tasks 2-6
2025-11-18 19:55:58,517 INFO o.a.j.t.JMeterThread: Thread is done: Users – 200 Tasks 2-6
2025-11-18 19:55:58,517 INFO o.a.j.t.JMeterThread: Thread finished: Users – 200 Tasks 2-6
2025-11-18 19:55:58,531 INFO o.a.j.t.JMeterThread: Thread started: API 1-4
2025-11-18 19:55:58,541 INFO o.a.j.t.JMeterThread: Thread is done: API 1-4
2025-11-18 19:55:58,542 INFO o.a.j.t.JMeterThread: Thread finished: API 1-4
2025-11-18 19:55:58,562 INFO o.a.j.t.JMeterThread: Thread started: Users – 200 Tasks 2-7
2025-11-18 19:55:58,565 INFO o.a.j.t.JMeterThread: Thread is done: Users – 200 Tasks 2-7
2025-11-18 19:55:58,566 INFO o.a.j.t.JMeterThread: Thread finished: Users – 200 Tasks 2-7
2025-11-18 19:55:58,613 INFO o.a.j.t.JMeterThread: Thread started: Users – 200 Tasks 2-8
2025-11-18 19:55:58,614 INFO o.a.j.t.JMeterThread: Thread is done: Users – 200 Tasks 2-8
2025-11-18 19:55:58,614 INFO o.a.j.t.JMeterThread: Thread finished: Users – 200 Tasks 2-8
2025-11-18 19:55:58,632 INFO o.a.j.t.JMeterThread: Thread started: API 1-5
2025-11-18 19:55:58,637 INFO o.a.j.t.JMeterThread: Thread is done: API 1-5
2025-11-18 19:55:58,637 INFO o.a.j.t.JMeterThread: Thread finished: API 1-5
2025-11-18 19:55:58,662 INFO o.a.j.t.JMeterThread: Thread started: Users – 200 Tasks 2-9
2025-11-18 19:55:58,663 INFO o.a.j.t.JMeterThread: Thread is done: Users – 200 Tasks 2-9
2025-11-18 19:55:58,664 INFO o.a.j.t.JMeterThread: Thread finished: Users – 200 Tasks 2-9
2025-11-18 19:55:58,713 INFO o.a.j.t.JMeterThread: Thread started: Users – 200 Tasks 2-10
2025-11-18 19:55:58,720 INFO o.a.j.t.JMeterThread: Thread is done: Users – 200 Tasks 2-10
2025-11-18 19:55:58,720 INFO o.a.j.t.JMeterThread: Thread finished: Users – 200 Tasks 2-10
2025-11-18 19:55:58,730 INFO o.a.j.t.JMeterThread: Thread started: API 1-6
2025-11-18 19:55:58,740 INFO o.a.j.t.JMeterThread: Thread is done: API 1-6
2025-11-18 19:55:58,740 INFO o.a.j.t.JMeterThread: Thread finished: API 1-6
2025-11-18 19:55:58,761 INFO o.a.j.t.JMeterThread: Thread started: Users – 200 Tasks 2-11
2025-11-18 19:55:58,762 INFO o.a.j.t.JMeterThread: Thread is done: Users – 200 Tasks 2-11
2025-11-18 19:55:58,762 INFO o.a.j.t.JMeterThread: Thread finished: Users – 200 Tasks 2-11
2025-11-18 19:55:58,811 INFO o.a.j.t.JMeterThread: Thread started: Users – 200 Tasks 2-12
2025-11-18 19:55:58,812 INFO o.a.j.t.JMeterThread: Thread is done: Users – 200 Tasks 2-12
2025-11-18 19:55:58,813 INFO o.a.j.t.JMeterThread: Thread finished: Users – 200 Tasks 2-12
2025-11-18 19:55:58,830 INFO o.a.j.t.JMeterThread: Thread started: API 1-7
2025-11-18 19:55:58,837 INFO o.a.j.t.JMeterThread: Thread is done: API 1-7
2025-11-18 19:55:58,837 INFO o.a.j.t.JMeterThread: Thread finished: API 1-7
2025-11-18 19:55:58,863 INFO o.a.j.t.JMeterThread: Thread started: Users – 200 Tasks 2-13
2025-11-18 19:55:58,865 INFO o.a.j.t.JMeterThread: Thread is done: Users – 200 Tasks 2-13
2025-11-18 19:55:58,865 INFO o.a.j.t.JMeterThread: Thread finished: Users – 200 Tasks 2-13
2025-11-18 19:55:58,912 INFO o.a.j.t.JMeterThread: Thread started: Users – 200 Tasks 2-14
2025-11-18 19:55:58,915 INFO o.a.j.t.JMeterThread: Thread is done: Users – 200 Tasks 2-14
2025-11-18 19:55:58,915 INFO o.a.j.t.JMeterThread: Thread finished: Users – 200 Tasks 2-14
2025-11-18 19:55:58,930 INFO o.a.j.t.JMeterThread: Thread started: API 1-8
2025-11-18 19:55:58,934 INFO o.a.j.t.JMeterThread: Thread is done: API 1-8
2025-11-18 19:55:58,934 INFO o.a.j.t.JMeterThread: Thread finished: API 1-8
2025-11-18 19:55:58,963 INFO o.a.j.t.JMeterThread: Thread started: Users – 200 Tasks 2-15
2025-11-18 19:55:58,970 INFO o.a.j.t.JMeterThread: Thread is done: Users – 200 Tasks 2-15
2025-11-18 19:55:58,970 INFO o.a.j.t.JMeterThread: Thread finished: Users – 200 Tasks 2-15
2025-11-18 19:55:59,011 INFO o.a.j.t.JMeterThread: Thread started: Users – 200 Tasks 2-16
2025-11-18 19:55:59,014 INFO o.a.j.t.JMeterThread: Thread is done: Users – 200 Tasks 2-16
2025-11-18 19:55:59,014 INFO o.a.j.t.JMeterThread: Thread finished: Users – 200 Tasks 2-16
2025-11-18 19:55:59,029 INFO o.a.j.t.JMeterThread: Thread started: API 1-9
2025-11-18 19:55:59,041 INFO o.a.j.t.JMeterThread: Thread is done: API 1-9
2025-11-18 19:55:59,041 INFO o.a.j.t.JMeterThread: Thread finished: API 1-9
2025-11-18 19:55:59,062 INFO o.a.j.t.JMeterThread: Thread started: Users – 200 Tasks 2-17
2025-11-18 19:55:59,066 INFO o.a.j.t.JMeterThread: Thread is done: Users – 200 Tasks 2-17
2025-11-18 19:55:59,066 INFO o.a.j.t.JMeterThread: Thread finished: Users – 200 Tasks 2-17
2025-11-18 19:55:59,113 INFO o.a.j.t.JMeterThread: Thread started: Users – 200 Tasks 2-18
2025-11-18 19:55:59,116 INFO o.a.j.t.JMeterThread: Thread is done: Users – 200 Tasks 2-18
2025-11-18 19:55:59,116 INFO o.a.j.t.JMeterThread: Thread finished: Users – 200 Tasks 2-18
2025-11-18 19:55:59,131 INFO o.a.j.t.JMeterThread: Thread started: API 1-10
2025-11-18 19:55:59,144 INFO o.a.j.t.JMeterThread: Thread is done: API 1-10
2025-11-18 19:55:59,144 INFO o.a.j.t.JMeterThread: Thread finished: API 1-10
2025-11-18 19:55:59,161 INFO o.a.j.t.JMeterThread: Thread started: Users – 200 Tasks 2-19
2025-11-18 19:55:59,162 INFO o.a.j.t.JMeterThread: Thread is done: Users – 200 Tasks 2-19
2025-11-18 19:55:59,163 INFO o.a.j.t.JMeterThread: Thread finished: Users – 200 Tasks 2-19
2025-11-18 19:55:59,212 INFO o.a.j.t.JMeterThread: Thread started: Users – 200 Tasks 2-20
2025-11-18 19:55:59,218 INFO o.a.j.t.JMeterThread: Thread is done: Users – 200 Tasks 2-20
2025-11-18 19:55:59,219 INFO o.a.j.t.JMeterThread: Thread finished: Users – 200 Tasks 2-20
2025-11-18 19:55:59,230 INFO o.a.j.t.JMeterThread: Thread started: API 1-11
2025-11-18 19:55:59,242 INFO o.a.j.t.JMeterThread: Thread is done: API 1-11
2025-11-18 19:55:59,242 INFO o.a.j.t.JMeterThread: Thread finished: API 1-11
2025-11-18 19:55:59,262 INFO o.a.j.t.JMeterThread: Thread started: Users – 200 Tasks 2-21
2025-11-18 19:55:59,263 INFO o.a.j.t.JMeterThread: Thread is done: Users – 200 Tasks 2-21
2025-11-18 19:55:59,264 INFO o.a.j.t.JMeterThread: Thread finished: Users – 200 Tasks 2-21
2025-11-18 19:55:59,312 INFO o.a.j.t.JMeterThread: Thread started: Users – 200 Tasks 2-22
2025-11-18 19:55:59,315 INFO o.a.j.t.JMeterThread: Thread is done: Users – 200 Tasks 2-22
2025-11-18 19:55:59,316 INFO o.a.j.t.JMeterThread: Thread finished: Users – 200 Tasks 2-22
2025-11-18 19:55:59,330 INFO o.a.j.t.JMeterThread: Thread started: API 1-12
2025-11-18 19:55:59,348 INFO o.a.j.t.JMeterThread: Thread is done: API 1-12
2025-11-18 19:55:59,349 INFO o.a.j.t.JMeterThread: Thread finished: API 1-12
2025-11-18 19:55:59,361 INFO o.a.j.t.JMeterThread: Thread started: Users – 200 Tasks 2-23
2025-11-18 19:55:59,362 INFO o.a.j.t.JMeterThread: Thread is done: Users – 200 Tasks 2-23
2025-11-18 19:55:59,363 INFO o.a.j.t.JMeterThread: Thread finished: Users – 200 Tasks 2-23
2025-11-18 19:55:59,413 INFO o.a.j.t.JMeterThread: Thread started: Users – 200 Tasks 2-24
2025-11-18 19:55:59,414 INFO o.a.j.t.JMeterThread: Thread is done: Users – 200 Tasks 2-24
2025-11-18 19:55:59,415 INFO o.a.j.t.JMeterThread: Thread finished: Users – 200 Tasks 2-24
2025-11-18 19:55:59,430 INFO o.a.j.t.JMeterThread: Thread started: API 1-13
2025-11-18 19:55:59,437 INFO o.a.j.t.JMeterThread: Thread is done: API 1-13
2025-11-18 19:55:59,437 INFO o.a.j.t.JMeterThread: Thread finished: API 1-13
2025-11-18 19:55:59,461 INFO o.a.j.t.JMeterThread: Thread started: Users – 200 Tasks 2-25
2025-11-18 19:55:59,461 INFO o.a.j.t.JMeterThread: Thread is done: Users – 200 Tasks 2-25
2025-11-18 19:55:59,462 INFO o.a.j.t.JMeterThread: Thread finished: Users – 200 Tasks 2-25
2025-11-18 19:55:59,511 INFO o.a.j.t.JMeterThread: Thread started: Users – 200 Tasks 2-26
2025-11-18 19:55:59,512 INFO o.a.j.t.JMeterThread: Thread is done: Users – 200 Tasks 2-26
2025-11-18 19:55:59,512 INFO o.a.j.t.JMeterThread: Thread finished: Users – 200 Tasks 2-26
2025-11-18 19:55:59,530 INFO o.a.j.t.JMeterThread: Thread started: API 1-14
2025-11-18 19:55:59,546 INFO o.a.j.t.JMeterThread: Thread is done: API 1-14
2025-11-18 19:55:59,547 INFO o.a.j.t.JMeterThread: Thread finished: API 1-14
2025-11-18 19:55:59,561 INFO o.a.j.t.JMeterThread: Thread started: Users – 200 Tasks 2-27
2025-11-18 19:55:59,562 INFO o.a.j.t.JMeterThread: Thread is done: Users – 200 Tasks 2-27
2025-11-18 19:55:59,562 INFO o.a.j.t.JMeterThread: Thread finished: Users – 200 Tasks 2-27
2025-11-18 19:55:59,612 INFO o.a.j.t.JMeterThread: Thread started: Users – 200 Tasks 2-28
2025-11-18 19:55:59,613 INFO o.a.j.t.JMeterThread: Thread is done: Users – 200 Tasks 2-28
2025-11-18 19:55:59,613 INFO o.a.j.t.JMeterThread: Thread finished: Users – 200 Tasks 2-28
2025-11-18 19:55:59,630 INFO o.a.j.t.JMeterThread: Thread started: API 1-15
2025-11-18 19:55:59,638 INFO o.a.j.t.JMeterThread: Thread is done: API 1-15
2025-11-18 19:55:59,639 INFO o.a.j.t.JMeterThread: Thread finished: API 1-15
2025-11-18 19:55:59,663 INFO o.a.j.t.JMeterThread: Thread started: Users – 200 Tasks 2-29
2025-11-18 19:55:59,664 INFO o.a.j.t.JMeterThread: Thread is done: Users – 200 Tasks 2-29
2025-11-18 19:55:59,664 INFO o.a.j.t.JMeterThread: Thread finished: Users – 200 Tasks 2-29
2025-11-18 19:55:59,710 INFO o.a.j.t.JMeterThread: Thread started: Users – 200 Tasks 2-30
2025-11-18 19:55:59,717 INFO o.a.j.t.JMeterThread: Thread is done: Users – 200 Tasks 2-30
2025-11-18 19:55:59,717 INFO o.a.j.t.JMeterThread: Thread finished: Users – 200 Tasks 2-30
2025-11-18 19:55:59,729 INFO o.a.j.t.JMeterThread: Thread started: API 1-16
2025-11-18 19:55:59,741 INFO o.a.j.t.JMeterThread: Thread is done: API 1-16
2025-11-18 19:55:59,741 INFO o.a.j.t.JMeterThread: Thread finished: API 1-16
2025-11-18 19:55:59,761 INFO o.a.j.t.JMeterThread: Thread started: Users – 200 Tasks 2-31
2025-11-18 19:55:59,764 INFO o.a.j.t.JMeterThread: Thread is done: Users – 200 Tasks 2-31
2025-11-18 19:55:59,764 INFO o.a.j.t.JMeterThread: Thread finished: Users – 200 Tasks 2-31
2025-11-18 19:55:59,811 INFO o.a.j.t.JMeterThread: Thread started: Users – 200 Tasks 2-32
2025-11-18 19:55:59,818 INFO o.a.j.t.JMeterThread: Thread is done: Users – 200 Tasks 2-32
2025-11-18 19:55:59,818 INFO o.a.j.t.JMeterThread: Thread finished: Users – 200 Tasks 2-32
2025-11-18 19:55:59,828 INFO o.a.j.t.JMeterThread: Thread started: API 1-17
2025-11-18 19:55:59,845 INFO o.a.j.t.JMeterThread: Thread is done: API 1-17
2025-11-18 19:55:59,845 INFO o.a.j.t.JMeterThread: Thread finished: API 1-17
2025-11-18 19:55:59,863 INFO o.a.j.t.JMeterThread: Thread started: Users – 200 Tasks 2-33
2025-11-18 19:55:59,864 INFO o.a.j.t.JMeterThread: Thread is done: Users – 200 Tasks 2-33
2025-11-18 19:55:59,864 INFO o.a.j.t.JMeterThread: Thread finished: Users – 200 Tasks 2-33
2025-11-18 19:55:59,911 INFO o.a.j.t.JMeterThread: Thread started: Users – 200 Tasks 2-34
2025-11-18 19:55:59,914 INFO o.a.j.t.JMeterThread: Thread is done: Users – 200 Tasks 2-34
2025-11-18 19:55:59,914 INFO o.a.j.t.JMeterThread: Thread finished: Users – 200 Tasks 2-34
2025-11-18 19:55:59,929 INFO o.a.j.t.JMeterThread: Thread started: API 1-18
2025-11-18 19:55:59,939 INFO o.a.j.t.JMeterThread: Thread is done: API 1-18
2025-11-18 19:55:59,940 INFO o.a.j.t.JMeterThread: Thread finished: API 1-18
2025-11-18 19:55:59,961 INFO o.a.j.t.JMeterThread: Thread started: Users – 200 Tasks 2-35
2025-11-18 19:55:59,964 INFO o.a.j.t.JMeterThread: Thread is done: Users – 200 Tasks 2-35
2025-11-18 19:55:59,964 INFO o.a.j.t.JMeterThread: Thread finished: Users – 200 Tasks 2-35
2025-11-18 19:56:00,011 INFO o.a.j.t.JMeterThread: Thread started: Users – 200 Tasks 2-36
2025-11-18 19:56:00,016 INFO o.a.j.r.Summariser: summary +     54 in 00:00:02 =   29.9/s Avg:     3 Min:     0 Max:    42 Err:    36 (66.67%) Active: 1 Started: 54 Finished: 53
2025-11-18 19:56:00,019 INFO o.a.j.t.JMeterThread: Thread is done: Users – 200 Tasks 2-36
2025-11-18 19:56:00,019 INFO o.a.j.t.JMeterThread: Thread finished: Users – 200 Tasks 2-36
2025-11-18 19:56:00,029 INFO o.a.j.t.JMeterThread: Thread started: API 1-19
2025-11-18 19:56:00,042 INFO o.a.j.t.JMeterThread: Thread is done: API 1-19
2025-11-18 19:56:00,043 INFO o.a.j.t.JMeterThread: Thread finished: API 1-19
2025-11-18 19:56:00,061 INFO o.a.j.t.JMeterThread: Thread started: Users – 200 Tasks 2-37
2025-11-18 19:56:00,062 INFO o.a.j.t.JMeterThread: Thread is done: Users – 200 Tasks 2-37
2025-11-18 19:56:00,063 INFO o.a.j.t.JMeterThread: Thread finished: Users – 200 Tasks 2-37
2025-11-18 19:56:00,110 INFO o.a.j.t.JMeterThread: Thread started: Users – 200 Tasks 2-38
2025-11-18 19:56:00,113 INFO o.a.j.t.JMeterThread: Thread is done: Users – 200 Tasks 2-38
2025-11-18 19:56:00,114 INFO o.a.j.t.JMeterThread: Thread finished: Users – 200 Tasks 2-38
2025-11-18 19:56:00,129 INFO o.a.j.t.JMeterThread: Thread started: API 1-20
2025-11-18 19:56:00,134 INFO o.a.j.t.JMeterThread: Thread is done: API 1-20
2025-11-18 19:56:00,134 INFO o.a.j.t.JMeterThread: Thread finished: API 1-20
2025-11-18 19:56:00,161 INFO o.a.j.t.JMeterThread: Thread started: Users – 200 Tasks 2-39
2025-11-18 19:56:00,162 INFO o.a.j.t.JMeterThread: Thread is done: Users – 200 Tasks 2-39
2025-11-18 19:56:00,163 INFO o.a.j.t.JMeterThread: Thread finished: Users – 200 Tasks 2-39
2025-11-18 19:56:00,211 INFO o.a.j.t.JMeterThread: Thread started: Users – 200 Tasks 2-40
2025-11-18 19:56:00,212 INFO o.a.j.t.JMeterThread: Thread is done: Users – 200 Tasks 2-40
2025-11-18 19:56:00,212 INFO o.a.j.t.JMeterThread: Thread finished: Users – 200 Tasks 2-40
2025-11-18 19:56:00,231 INFO o.a.j.t.JMeterThread: Thread started: API 1-21
2025-11-18 19:56:00,237 INFO o.a.j.t.JMeterThread: Thread is done: API 1-21
2025-11-18 19:56:00,237 INFO o.a.j.t.JMeterThread: Thread finished: API 1-21
2025-11-18 19:56:00,261 INFO o.a.j.t.JMeterThread: Thread started: Users – 200 Tasks 2-41
2025-11-18 19:56:00,261 INFO o.a.j.t.JMeterThread: Thread is done: Users – 200 Tasks 2-41
2025-11-18 19:56:00,261 INFO o.a.j.t.JMeterThread: Thread finished: Users – 200 Tasks 2-41
2025-11-18 19:56:00,310 INFO o.a.j.t.JMeterThread: Thread started: Users – 200 Tasks 2-42
2025-11-18 19:56:00,311 INFO o.a.j.t.JMeterThread: Thread is done: Users – 200 Tasks 2-42
2025-11-18 19:56:00,311 INFO o.a.j.t.JMeterThread: Thread finished: Users – 200 Tasks 2-42
2025-11-18 19:56:00,329 INFO o.a.j.t.JMeterThread: Thread started: API 1-22
2025-11-18 19:56:00,336 INFO o.a.j.t.JMeterThread: Thread is done: API 1-22
2025-11-18 19:56:00,336 INFO o.a.j.t.JMeterThread: Thread finished: API 1-22
2025-11-18 19:56:00,361 INFO o.a.j.t.JMeterThread: Thread started: Users – 200 Tasks 2-43
2025-11-18 19:56:00,362 INFO o.a.j.t.JMeterThread: Thread is done: Users – 200 Tasks 2-43
2025-11-18 19:56:00,362 INFO o.a.j.t.JMeterThread: Thread finished: Users – 200 Tasks 2-43
2025-11-18 19:56:00,413 INFO o.a.j.t.JMeterThread: Thread started: Users – 200 Tasks 2-44
2025-11-18 19:56:00,414 INFO o.a.j.t.JMeterThread: Thread is done: Users – 200 Tasks 2-44
2025-11-18 19:56:00,414 INFO o.a.j.t.JMeterThread: Thread finished: Users – 200 Tasks 2-44
2025-11-18 19:56:00,431 INFO o.a.j.t.JMeterThread: Thread started: API 1-23
2025-11-18 19:56:00,437 INFO o.a.j.t.JMeterThread: Thread is done: API 1-23
2025-11-18 19:56:00,437 INFO o.a.j.t.JMeterThread: Thread finished: API 1-23
2025-11-18 19:56:00,461 INFO o.a.j.t.JMeterThread: Thread started: Users – 200 Tasks 2-45
2025-11-18 19:56:00,462 INFO o.a.j.t.JMeterThread: Thread is done: Users – 200 Tasks 2-45
2025-11-18 19:56:00,462 INFO o.a.j.t.JMeterThread: Thread finished: Users – 200 Tasks 2-45
2025-11-18 19:56:00,511 INFO o.a.j.t.JMeterThread: Thread started: Users – 200 Tasks 2-46
2025-11-18 19:56:00,512 INFO o.a.j.t.JMeterThread: Thread is done: Users – 200 Tasks 2-46
2025-11-18 19:56:00,512 INFO o.a.j.t.JMeterThread: Thread finished: Users – 200 Tasks 2-46
2025-11-18 19:56:00,529 INFO o.a.j.t.JMeterThread: Thread started: API 1-24
2025-11-18 19:56:00,536 INFO o.a.j.t.JMeterThread: Thread is done: API 1-24
2025-11-18 19:56:00,537 INFO o.a.j.t.JMeterThread: Thread finished: API 1-24
2025-11-18 19:56:00,561 INFO o.a.j.t.JMeterThread: Thread started: Users – 200 Tasks 2-47
2025-11-18 19:56:00,562 INFO o.a.j.t.JMeterThread: Thread is done: Users – 200 Tasks 2-47
2025-11-18 19:56:00,562 INFO o.a.j.t.JMeterThread: Thread finished: Users – 200 Tasks 2-47
2025-11-18 19:56:00,610 INFO o.a.j.t.JMeterThread: Thread started: Users – 200 Tasks 2-48
2025-11-18 19:56:00,611 INFO o.a.j.t.JMeterThread: Thread is done: Users – 200 Tasks 2-48
2025-11-18 19:56:00,611 INFO o.a.j.t.JMeterThread: Thread finished: Users – 200 Tasks 2-48
2025-11-18 19:56:00,629 INFO o.a.j.t.JMeterThread: Thread started: API 1-25
2025-11-18 19:56:00,636 INFO o.a.j.t.JMeterThread: Thread is done: API 1-25
2025-11-18 19:56:00,636 INFO o.a.j.t.JMeterThread: Thread finished: API 1-25
2025-11-18 19:56:00,662 INFO o.a.j.t.JMeterThread: Thread started: Users – 200 Tasks 2-49
2025-11-18 19:56:00,663 INFO o.a.j.t.JMeterThread: Thread is done: Users – 200 Tasks 2-49
2025-11-18 19:56:00,663 INFO o.a.j.t.JMeterThread: Thread finished: Users – 200 Tasks 2-49
2025-11-18 19:56:00,711 INFO o.a.j.t.JMeterThread: Thread started: Users – 200 Tasks 2-50
2025-11-18 19:56:00,713 INFO o.a.j.t.JMeterThread: Thread is done: Users – 200 Tasks 2-50
2025-11-18 19:56:00,713 INFO o.a.j.t.JMeterThread: Thread finished: Users – 200 Tasks 2-50
2025-11-18 19:56:00,731 INFO o.a.j.t.JMeterThread: Thread started: API 1-26
2025-11-18 19:56:00,741 INFO o.a.j.t.JMeterThread: Thread is done: API 1-26
2025-11-18 19:56:00,741 INFO o.a.j.t.JMeterThread: Thread finished: API 1-26
2025-11-18 19:56:00,761 INFO o.a.j.t.JMeterThread: Thread started: Users – 200 Tasks 2-51
2025-11-18 19:56:00,761 INFO o.a.j.t.JMeterThread: Thread is done: Users – 200 Tasks 2-51
2025-11-18 19:56:00,761 INFO o.a.j.t.JMeterThread: Thread finished: Users – 200 Tasks 2-51
2025-11-18 19:56:00,811 INFO o.a.j.t.JMeterThread: Thread started: Users – 200 Tasks 2-52
2025-11-18 19:56:00,814 INFO o.a.j.t.JMeterThread: Thread is done: Users – 200 Tasks 2-52
2025-11-18 19:56:00,814 INFO o.a.j.t.JMeterThread: Thread finished: Users – 200 Tasks 2-52
2025-11-18 19:56:00,829 INFO o.a.j.t.JMeterThread: Thread started: API 1-27
2025-11-18 19:56:00,841 INFO o.a.j.t.JMeterThread: Thread is done: API 1-27
2025-11-18 19:56:00,841 INFO o.a.j.t.JMeterThread: Thread finished: API 1-27
2025-11-18 19:56:00,862 INFO o.a.j.t.JMeterThread: Thread started: Users – 200 Tasks 2-53
2025-11-18 19:56:00,865 INFO o.a.j.t.JMeterThread: Thread is done: Users – 200 Tasks 2-53
2025-11-18 19:56:00,865 INFO o.a.j.t.JMeterThread: Thread finished: Users – 200 Tasks 2-53
2025-11-18 19:56:00,911 INFO o.a.j.t.JMeterThread: Thread started: Users – 200 Tasks 2-54
2025-11-18 19:56:00,913 INFO o.a.j.t.JMeterThread: Thread is done: Users – 200 Tasks 2-54
2025-11-18 19:56:00,913 INFO o.a.j.t.JMeterThread: Thread finished: Users – 200 Tasks 2-54
2025-11-18 19:56:00,928 INFO o.a.j.t.JMeterThread: Thread started: API 1-28
2025-11-18 19:56:00,940 INFO o.a.j.t.JMeterThread: Thread is done: API 1-28
2025-11-18 19:56:00,940 INFO o.a.j.t.JMeterThread: Thread finished: API 1-28
2025-11-18 19:56:00,961 INFO o.a.j.t.JMeterThread: Thread started: Users – 200 Tasks 2-55
2025-11-18 19:56:00,963 INFO o.a.j.t.JMeterThread: Thread is done: Users – 200 Tasks 2-55
2025-11-18 19:56:00,964 INFO o.a.j.t.JMeterThread: Thread finished: Users – 200 Tasks 2-55
2025-11-18 19:56:01,012 INFO o.a.j.t.JMeterThread: Thread started: Users – 200 Tasks 2-56
2025-11-18 19:56:01,013 INFO o.a.j.t.JMeterThread: Thread is done: Users – 200 Tasks 2-56
2025-11-18 19:56:01,014 INFO o.a.j.t.JMeterThread: Thread finished: Users – 200 Tasks 2-56
2025-11-18 19:56:01,029 INFO o.a.j.t.JMeterThread: Thread started: API 1-29
2025-11-18 19:56:01,040 INFO o.a.j.t.JMeterThread: Thread is done: API 1-29
2025-11-18 19:56:01,040 INFO o.a.j.t.JMeterThread: Thread finished: API 1-29
2025-11-18 19:56:01,060 INFO o.a.j.t.JMeterThread: Thread started: Users – 200 Tasks 2-57
2025-11-18 19:56:01,061 INFO o.a.j.t.JMeterThread: Thread is done: Users – 200 Tasks 2-57
2025-11-18 19:56:01,061 INFO o.a.j.t.JMeterThread: Thread finished: Users – 200 Tasks 2-57
2025-11-18 19:56:01,111 INFO o.a.j.t.JMeterThread: Thread started: Users – 200 Tasks 2-58
2025-11-18 19:56:01,112 INFO o.a.j.t.JMeterThread: Thread is done: Users – 200 Tasks 2-58
2025-11-18 19:56:01,113 INFO o.a.j.t.JMeterThread: Thread finished: Users – 200 Tasks 2-58
2025-11-18 19:56:01,129 INFO o.a.j.t.JMeterThread: Thread started: API 1-30
2025-11-18 19:56:01,139 INFO o.a.j.t.JMeterThread: Thread is done: API 1-30
2025-11-18 19:56:01,139 INFO o.a.j.t.JMeterThread: Thread finished: API 1-30
2025-11-18 19:56:01,162 INFO o.a.j.t.JMeterThread: Thread started: Users – 200 Tasks 2-59
2025-11-18 19:56:01,164 INFO o.a.j.t.JMeterThread: Thread is done: Users – 200 Tasks 2-59
2025-11-18 19:56:01,164 INFO o.a.j.t.JMeterThread: Thread finished: Users – 200 Tasks 2-59
2025-11-18 19:56:01,212 INFO o.a.j.t.JMeterThread: Thread started: Users – 200 Tasks 2-60
2025-11-18 19:56:01,220 INFO o.a.j.t.JMeterThread: Thread is done: Users – 200 Tasks 2-60
2025-11-18 19:56:01,220 INFO o.a.j.t.JMeterThread: Thread finished: Users – 200 Tasks 2-60
2025-11-18 19:56:01,229 INFO o.a.j.t.JMeterThread: Thread started: API 1-31
2025-11-18 19:56:01,238 INFO o.a.j.t.JMeterThread: Thread is done: API 1-31
2025-11-18 19:56:01,238 INFO o.a.j.t.JMeterThread: Thread finished: API 1-31
2025-11-18 19:56:01,260 INFO o.a.j.t.JMeterThread: Thread started: Users – 200 Tasks 2-61
2025-11-18 19:56:01,261 INFO o.a.j.t.JMeterThread: Thread is done: Users – 200 Tasks 2-61
2025-11-18 19:56:01,261 INFO o.a.j.t.JMeterThread: Thread finished: Users – 200 Tasks 2-61
2025-11-18 19:56:01,312 INFO o.a.j.t.JMeterThread: Thread started: Users – 200 Tasks 2-62
2025-11-18 19:56:01,314 INFO o.a.j.t.JMeterThread: Thread is done: Users – 200 Tasks 2-62
2025-11-18 19:56:01,314 INFO o.a.j.t.JMeterThread: Thread finished: Users – 200 Tasks 2-62
2025-11-18 19:56:01,328 INFO o.a.j.t.JMeterThread: Thread started: API 1-32
2025-11-18 19:56:01,340 INFO o.a.j.t.JMeterThread: Thread is done: API 1-32
2025-11-18 19:56:01,340 INFO o.a.j.t.JMeterThread: Thread finished: API 1-32
2025-11-18 19:56:01,362 INFO o.a.j.t.JMeterThread: Thread started: Users – 200 Tasks 2-63
2025-11-18 19:56:01,364 INFO o.a.j.t.JMeterThread: Thread is done: Users – 200 Tasks 2-63
2025-11-18 19:56:01,365 INFO o.a.j.t.JMeterThread: Thread finished: Users – 200 Tasks 2-63
2025-11-18 19:56:01,411 INFO o.a.j.t.JMeterThread: Thread started: Users – 200 Tasks 2-64
2025-11-18 19:56:01,415 INFO o.a.j.t.JMeterThread: Thread is done: Users – 200 Tasks 2-64
2025-11-18 19:56:01,415 INFO o.a.j.t.JMeterThread: Thread finished: Users – 200 Tasks 2-64
2025-11-18 19:56:01,430 INFO o.a.j.t.JMeterThread: Thread started: API 1-33
2025-11-18 19:56:01,443 INFO o.a.j.t.JMeterThread: Thread is done: API 1-33
2025-11-18 19:56:01,443 INFO o.a.j.t.JMeterThread: Thread finished: API 1-33
2025-11-18 19:56:01,462 INFO o.a.j.t.JMeterThread: Thread started: Users – 200 Tasks 2-65
2025-11-18 19:56:01,464 INFO o.a.j.t.JMeterThread: Thread is done: Users – 200 Tasks 2-65
2025-11-18 19:56:01,464 INFO o.a.j.t.JMeterThread: Thread finished: Users – 200 Tasks 2-65
2025-11-18 19:56:01,512 INFO o.a.j.t.JMeterThread: Thread started: Users – 200 Tasks 2-66
2025-11-18 19:56:01,513 INFO o.a.j.t.JMeterThread: Thread is done: Users – 200 Tasks 2-66
2025-11-18 19:56:01,513 INFO o.a.j.t.JMeterThread: Thread finished: Users – 200 Tasks 2-66
2025-11-18 19:56:01,529 INFO o.a.j.t.JMeterThread: Thread started: API 1-34
2025-11-18 19:56:01,541 INFO o.a.j.t.JMeterThread: Thread is done: API 1-34
2025-11-18 19:56:01,541 INFO o.a.j.t.JMeterThread: Thread finished: API 1-34
2025-11-18 19:56:01,560 INFO o.a.j.t.JMeterThread: Thread started: Users – 200 Tasks 2-67
2025-11-18 19:56:01,563 INFO o.a.j.t.JMeterThread: Thread is done: Users – 200 Tasks 2-67
2025-11-18 19:56:01,564 INFO o.a.j.t.JMeterThread: Thread finished: Users – 200 Tasks 2-67
2025-11-18 19:56:01,611 INFO o.a.j.t.JMeterThread: Thread started: Users – 200 Tasks 2-68
2025-11-18 19:56:01,614 INFO o.a.j.t.JMeterThread: Thread is done: Users – 200 Tasks 2-68
2025-11-18 19:56:01,614 INFO o.a.j.t.JMeterThread: Thread finished: Users – 200 Tasks 2-68
2025-11-18 19:56:01,628 INFO o.a.j.t.JMeterThread: Thread started: API 1-35
2025-11-18 19:56:01,636 INFO o.a.j.t.JMeterThread: Thread is done: API 1-35
2025-11-18 19:56:01,636 INFO o.a.j.t.JMeterThread: Thread finished: API 1-35
2025-11-18 19:56:01,662 INFO o.a.j.t.JMeterThread: Thread started: Users – 200 Tasks 2-69
2025-11-18 19:56:01,664 INFO o.a.j.t.JMeterThread: Thread is done: Users – 200 Tasks 2-69
2025-11-18 19:56:01,664 INFO o.a.j.t.JMeterThread: Thread finished: Users – 200 Tasks 2-69
2025-11-18 19:56:01,710 INFO o.a.j.t.JMeterThread: Thread started: Users – 200 Tasks 2-70
2025-11-18 19:56:01,720 INFO o.a.j.t.JMeterThread: Thread is done: Users – 200 Tasks 2-70
2025-11-18 19:56:01,723 INFO o.a.j.t.JMeterThread: Thread finished: Users – 200 Tasks 2-70
2025-11-18 19:56:01,729 INFO o.a.j.t.JMeterThread: Thread started: API 1-36
2025-11-18 19:56:01,734 INFO o.a.j.t.JMeterThread: Thread is done: API 1-36
2025-11-18 19:56:01,734 INFO o.a.j.t.JMeterThread: Thread finished: API 1-36
2025-11-18 19:56:01,761 INFO o.a.j.t.JMeterThread: Thread started: Users – 200 Tasks 2-71
2025-11-18 19:56:01,762 INFO o.a.j.t.JMeterThread: Thread is done: Users – 200 Tasks 2-71
2025-11-18 19:56:01,762 INFO o.a.j.t.JMeterThread: Thread finished: Users – 200 Tasks 2-71
2025-11-18 19:56:01,812 INFO o.a.j.t.JMeterThread: Thread started: Users – 200 Tasks 2-72
2025-11-18 19:56:01,815 INFO o.a.j.t.JMeterThread: Thread is done: Users – 200 Tasks 2-72
2025-11-18 19:56:01,815 INFO o.a.j.t.JMeterThread: Thread finished: Users – 200 Tasks 2-72
2025-11-18 19:56:01,830 INFO o.a.j.t.JMeterThread: Thread started: API 1-37
2025-11-18 19:56:01,835 INFO o.a.j.t.JMeterThread: Thread is done: API 1-37
2025-11-18 19:56:01,835 INFO o.a.j.t.JMeterThread: Thread finished: API 1-37
2025-11-18 19:56:01,860 INFO o.a.j.t.JMeterThread: Thread started: Users – 200 Tasks 2-73
2025-11-18 19:56:01,861 INFO o.a.j.t.JMeterThread: Thread is done: Users – 200 Tasks 2-73
2025-11-18 19:56:01,861 INFO o.a.j.t.JMeterThread: Thread finished: Users – 200 Tasks 2-73
2025-11-18 19:56:01,910 INFO o.a.j.t.JMeterThread: Thread started: Users – 200 Tasks 2-74
2025-11-18 19:56:01,911 INFO o.a.j.t.JMeterThread: Thread is done: Users – 200 Tasks 2-74
2025-11-18 19:56:01,912 INFO o.a.j.t.JMeterThread: Thread finished: Users – 200 Tasks 2-74
2025-11-18 19:56:01,929 INFO o.a.j.t.JMeterThread: Thread started: API 1-38
2025-11-18 19:56:01,960 INFO o.a.j.t.JMeterThread: Thread started: Users – 200 Tasks 2-75
2025-11-18 19:56:01,961 INFO o.a.j.t.JMeterThread: Thread is done: Users – 200 Tasks 2-75
2025-11-18 19:56:01,961 INFO o.a.j.t.JMeterThread: Thread finished: Users – 200 Tasks 2-75
2025-11-18 19:56:01,971 INFO o.a.j.t.JMeterThread: Thread is done: API 1-38
2025-11-18 19:56:01,971 INFO o.a.j.t.JMeterThread: Thread finished: API 1-38
2025-11-18 19:56:02,010 INFO o.a.j.t.JMeterThread: Thread started: Users – 200 Tasks 2-76
2025-11-18 19:56:02,012 INFO o.a.j.t.JMeterThread: Thread is done: Users – 200 Tasks 2-76
2025-11-18 19:56:02,012 INFO o.a.j.t.JMeterThread: Thread finished: Users – 200 Tasks 2-76
2025-11-18 19:56:02,029 INFO o.a.j.t.JMeterThread: Thread started: API 1-39
2025-11-18 19:56:02,043 INFO o.a.j.t.JMeterThread: Thread is done: API 1-39
2025-11-18 19:56:02,044 INFO o.a.j.t.JMeterThread: Thread finished: API 1-39
2025-11-18 19:56:02,061 INFO o.a.j.t.JMeterThread: Thread started: Users – 200 Tasks 2-77
2025-11-18 19:56:02,064 INFO o.a.j.t.JMeterThread: Thread is done: Users – 200 Tasks 2-77
2025-11-18 19:56:02,064 INFO o.a.j.t.JMeterThread: Thread finished: Users – 200 Tasks 2-77
2025-11-18 19:56:02,111 INFO o.a.j.t.JMeterThread: Thread started: Users – 200 Tasks 2-78
2025-11-18 19:56:02,113 INFO o.a.j.t.JMeterThread: Thread is done: Users – 200 Tasks 2-78
2025-11-18 19:56:02,113 INFO o.a.j.t.JMeterThread: Thread finished: Users – 200 Tasks 2-78
2025-11-18 19:56:02,129 INFO o.a.j.t.JMeterThread: Thread started: API 1-40
2025-11-18 19:56:02,141 INFO o.a.j.t.JMeterThread: Thread is done: API 1-40
2025-11-18 19:56:02,141 INFO o.a.j.t.JMeterThread: Thread finished: API 1-40
2025-11-18 19:56:02,161 INFO o.a.j.t.JMeterThread: Thread started: Users – 200 Tasks 2-79
2025-11-18 19:56:02,162 INFO o.a.j.t.JMeterThread: Thread is done: Users – 200 Tasks 2-79
2025-11-18 19:56:02,162 INFO o.a.j.t.JMeterThread: Thread finished: Users – 200 Tasks 2-79
2025-11-18 19:56:02,211 INFO o.a.j.t.JMeterThread: Thread started: Users – 200 Tasks 2-80
2025-11-18 19:56:02,215 INFO o.a.j.t.JMeterThread: Thread is done: Users – 200 Tasks 2-80
2025-11-18 19:56:02,215 INFO o.a.j.t.JMeterThread: Thread finished: Users – 200 Tasks 2-80
2025-11-18 19:56:02,229 INFO o.a.j.t.JMeterThread: Thread started: API 1-41
2025-11-18 19:56:02,241 INFO o.a.j.t.JMeterThread: Thread is done: API 1-41
2025-11-18 19:56:02,241 INFO o.a.j.t.JMeterThread: Thread finished: API 1-41
2025-11-18 19:56:02,261 INFO o.a.j.t.JMeterThread: Thread started: Users – 200 Tasks 2-81
2025-11-18 19:56:02,263 INFO o.a.j.t.JMeterThread: Thread is done: Users – 200 Tasks 2-81
2025-11-18 19:56:02,263 INFO o.a.j.t.JMeterThread: Thread finished: Users – 200 Tasks 2-81
2025-11-18 19:56:02,311 INFO o.a.j.t.JMeterThread: Thread started: Users – 200 Tasks 2-82
2025-11-18 19:56:02,316 INFO o.a.j.t.JMeterThread: Thread is done: Users – 200 Tasks 2-82
2025-11-18 19:56:02,316 INFO o.a.j.t.JMeterThread: Thread finished: Users – 200 Tasks 2-82
2025-11-18 19:56:02,328 INFO o.a.j.t.JMeterThread: Thread started: API 1-42
2025-11-18 19:56:02,336 INFO o.a.j.t.JMeterThread: Thread is done: API 1-42
2025-11-18 19:56:02,336 INFO o.a.j.t.JMeterThread: Thread finished: API 1-42
2025-11-18 19:56:02,361 INFO o.a.j.t.JMeterThread: Thread started: Users – 200 Tasks 2-83
2025-11-18 19:56:02,364 INFO o.a.j.t.JMeterThread: Thread is done: Users – 200 Tasks 2-83
2025-11-18 19:56:02,364 INFO o.a.j.t.JMeterThread: Thread finished: Users – 200 Tasks 2-83
2025-11-18 19:56:02,412 INFO o.a.j.t.JMeterThread: Thread started: Users – 200 Tasks 2-84
2025-11-18 19:56:02,414 INFO o.a.j.t.JMeterThread: Thread is done: Users – 200 Tasks 2-84
2025-11-18 19:56:02,415 INFO o.a.j.t.JMeterThread: Thread finished: Users – 200 Tasks 2-84
2025-11-18 19:56:02,430 INFO o.a.j.t.JMeterThread: Thread started: API 1-43
2025-11-18 19:56:02,447 INFO o.a.j.t.JMeterThread: Thread is done: API 1-43
2025-11-18 19:56:02,447 INFO o.a.j.t.JMeterThread: Thread finished: API 1-43
2025-11-18 19:56:02,461 INFO o.a.j.t.JMeterThread: Thread started: Users – 200 Tasks 2-85
2025-11-18 19:56:02,463 INFO o.a.j.t.JMeterThread: Thread is done: Users – 200 Tasks 2-85
2025-11-18 19:56:02,463 INFO o.a.j.t.JMeterThread: Thread finished: Users – 200 Tasks 2-85
2025-11-18 19:56:02,510 INFO o.a.j.t.JMeterThread: Thread started: Users – 200 Tasks 2-86
2025-11-18 19:56:02,513 INFO o.a.j.t.JMeterThread: Thread is done: Users – 200 Tasks 2-86
2025-11-18 19:56:02,513 INFO o.a.j.t.JMeterThread: Thread finished: Users – 200 Tasks 2-86
2025-11-18 19:56:02,528 INFO o.a.j.t.JMeterThread: Thread started: API 1-44
2025-11-18 19:56:02,540 INFO o.a.j.t.JMeterThread: Thread is done: API 1-44
2025-11-18 19:56:02,540 INFO o.a.j.t.JMeterThread: Thread finished: API 1-44
2025-11-18 19:56:02,560 INFO o.a.j.t.JMeterThread: Thread started: Users – 200 Tasks 2-87
2025-11-18 19:56:02,563 INFO o.a.j.t.JMeterThread: Thread is done: Users – 200 Tasks 2-87
2025-11-18 19:56:02,563 INFO o.a.j.t.JMeterThread: Thread finished: Users – 200 Tasks 2-87
2025-11-18 19:56:02,611 INFO o.a.j.t.JMeterThread: Thread started: Users – 200 Tasks 2-88
2025-11-18 19:56:02,613 INFO o.a.j.t.JMeterThread: Thread is done: Users – 200 Tasks 2-88
2025-11-18 19:56:02,613 INFO o.a.j.t.JMeterThread: Thread finished: Users – 200 Tasks 2-88
2025-11-18 19:56:02,628 INFO o.a.j.t.JMeterThread: Thread started: API 1-45
2025-11-18 19:56:02,638 INFO o.a.j.t.JMeterThread: Thread is done: API 1-45
2025-11-18 19:56:02,639 INFO o.a.j.t.JMeterThread: Thread finished: API 1-45
2025-11-18 19:56:02,661 INFO o.a.j.t.JMeterThread: Thread started: Users – 200 Tasks 2-89
2025-11-18 19:56:02,663 INFO o.a.j.t.JMeterThread: Thread is done: Users – 200 Tasks 2-89
2025-11-18 19:56:02,663 INFO o.a.j.t.JMeterThread: Thread finished: Users – 200 Tasks 2-89
2025-11-18 19:56:02,712 INFO o.a.j.t.JMeterThread: Thread started: Users – 200 Tasks 2-90
2025-11-18 19:56:02,714 INFO o.a.j.t.JMeterThread: Thread is done: Users – 200 Tasks 2-90
2025-11-18 19:56:02,714 INFO o.a.j.t.JMeterThread: Thread finished: Users – 200 Tasks 2-90
2025-11-18 19:56:02,728 INFO o.a.j.t.JMeterThread: Thread started: API 1-46
2025-11-18 19:56:02,740 INFO o.a.j.t.JMeterThread: Thread is done: API 1-46
2025-11-18 19:56:02,740 INFO o.a.j.t.JMeterThread: Thread finished: API 1-46
2025-11-18 19:56:02,761 INFO o.a.j.t.JMeterThread: Thread started: Users – 200 Tasks 2-91
2025-11-18 19:56:02,765 INFO o.a.j.t.JMeterThread: Thread is done: Users – 200 Tasks 2-91
2025-11-18 19:56:02,765 INFO o.a.j.t.JMeterThread: Thread finished: Users – 200 Tasks 2-91
2025-11-18 19:56:02,810 INFO o.a.j.t.JMeterThread: Thread started: Users – 200 Tasks 2-92
2025-11-18 19:56:02,812 INFO o.a.j.t.JMeterThread: Thread is done: Users – 200 Tasks 2-92
2025-11-18 19:56:02,812 INFO o.a.j.t.JMeterThread: Thread finished: Users – 200 Tasks 2-92
2025-11-18 19:56:02,830 INFO o.a.j.t.JMeterThread: Thread started: API 1-47
2025-11-18 19:56:02,840 INFO o.a.j.t.JMeterThread: Thread is done: API 1-47
2025-11-18 19:56:02,840 INFO o.a.j.t.JMeterThread: Thread finished: API 1-47
2025-11-18 19:56:02,860 INFO o.a.j.t.JMeterThread: Thread started: Users – 200 Tasks 2-93
2025-11-18 19:56:02,862 INFO o.a.j.t.JMeterThread: Thread is done: Users – 200 Tasks 2-93
2025-11-18 19:56:02,862 INFO o.a.j.t.JMeterThread: Thread finished: Users – 200 Tasks 2-93
2025-11-18 19:56:02,911 INFO o.a.j.t.JMeterThread: Thread started: Users – 200 Tasks 2-94
2025-11-18 19:56:02,914 INFO o.a.j.t.JMeterThread: Thread is done: Users – 200 Tasks 2-94
2025-11-18 19:56:02,914 INFO o.a.j.t.JMeterThread: Thread finished: Users – 200 Tasks 2-94
2025-11-18 19:56:02,930 INFO o.a.j.t.JMeterThread: Thread started: API 1-48
2025-11-18 19:56:02,941 INFO o.a.j.t.JMeterThread: Thread is done: API 1-48
2025-11-18 19:56:02,941 INFO o.a.j.t.JMeterThread: Thread finished: API 1-48
2025-11-18 19:56:02,961 INFO o.a.j.t.JMeterThread: Thread started: Users – 200 Tasks 2-95
2025-11-18 19:56:02,963 INFO o.a.j.t.JMeterThread: Thread is done: Users – 200 Tasks 2-95
2025-11-18 19:56:02,963 INFO o.a.j.t.JMeterThread: Thread finished: Users – 200 Tasks 2-95
2025-11-18 19:56:03,010 INFO o.a.j.t.JMeterThread: Thread started: Users – 200 Tasks 2-96
2025-11-18 19:56:03,012 INFO o.a.j.t.JMeterThread: Thread is done: Users – 200 Tasks 2-96
2025-11-18 19:56:03,013 INFO o.a.j.t.JMeterThread: Thread finished: Users – 200 Tasks 2-96
2025-11-18 19:56:03,028 INFO o.a.j.t.JMeterThread: Thread started: API 1-49
2025-11-18 19:56:03,041 INFO o.a.j.t.JMeterThread: Thread is done: API 1-49
2025-11-18 19:56:03,041 INFO o.a.j.t.JMeterThread: Thread finished: API 1-49
2025-11-18 19:56:03,062 INFO o.a.j.t.JMeterThread: Thread started: Users – 200 Tasks 2-97
2025-11-18 19:56:03,064 INFO o.a.j.t.JMeterThread: Thread is done: Users – 200 Tasks 2-97
2025-11-18 19:56:03,064 INFO o.a.j.t.JMeterThread: Thread finished: Users – 200 Tasks 2-97
2025-11-18 19:56:03,112 INFO o.a.j.t.JMeterThread: Thread started: Users – 200 Tasks 2-98
2025-11-18 19:56:03,114 INFO o.a.j.t.JMeterThread: Thread is done: Users – 200 Tasks 2-98
2025-11-18 19:56:03,115 INFO o.a.j.t.JMeterThread: Thread finished: Users – 200 Tasks 2-98
2025-11-18 19:56:03,128 INFO o.a.j.t.JMeterThread: Thread started: API 1-50
2025-11-18 19:56:03,140 INFO o.a.j.t.JMeterThread: Thread is done: API 1-50
2025-11-18 19:56:03,141 INFO o.a.j.t.JMeterThread: Thread finished: API 1-50
2025-11-18 19:56:03,161 INFO o.a.j.t.JMeterThread: Thread started: Users – 200 Tasks 2-99
2025-11-18 19:56:03,162 INFO o.a.j.t.JMeterThread: Thread is done: Users – 200 Tasks 2-99
2025-11-18 19:56:03,163 INFO o.a.j.t.JMeterThread: Thread finished: Users – 200 Tasks 2-99
2025-11-18 19:56:03,211 INFO o.a.j.t.JMeterThread: Thread started: Users – 200 Tasks 2-100
2025-11-18 19:56:03,213 INFO o.a.j.t.JMeterThread: Thread is done: Users – 200 Tasks 2-100
2025-11-18 19:56:03,215 INFO o.a.j.t.JMeterThread: Thread finished: Users – 200 Tasks 2-100
2025-11-18 19:56:03,229 INFO o.a.j.t.JMeterThread: Thread started: API 1-51
2025-11-18 19:56:03,239 INFO o.a.j.t.JMeterThread: Thread is done: API 1-51
2025-11-18 19:56:03,239 INFO o.a.j.t.JMeterThread: Thread finished: API 1-51
2025-11-18 19:56:03,262 INFO o.a.j.t.JMeterThread: Thread started: Users – 200 Tasks 2-101
2025-11-18 19:56:03,264 INFO o.a.j.t.JMeterThread: Thread is done: Users – 200 Tasks 2-101
2025-11-18 19:56:03,264 INFO o.a.j.t.JMeterThread: Thread finished: Users – 200 Tasks 2-101
2025-11-18 19:56:03,310 INFO o.a.j.t.JMeterThread: Thread started: Users – 200 Tasks 2-102
2025-11-18 19:56:03,315 INFO o.a.j.t.JMeterThread: Thread is done: Users – 200 Tasks 2-102
2025-11-18 19:56:03,315 INFO o.a.j.t.JMeterThread: Thread finished: Users – 200 Tasks 2-102
2025-11-18 19:56:03,329 INFO o.a.j.t.JMeterThread: Thread started: API 1-52
2025-11-18 19:56:03,341 INFO o.a.j.t.JMeterThread: Thread is done: API 1-52
2025-11-18 19:56:03,342 INFO o.a.j.t.JMeterThread: Thread finished: API 1-52
2025-11-18 19:56:03,360 INFO o.a.j.t.JMeterThread: Thread started: Users – 200 Tasks 2-103
2025-11-18 19:56:03,361 INFO o.a.j.t.JMeterThread: Thread is done: Users – 200 Tasks 2-103
2025-11-18 19:56:03,362 INFO o.a.j.t.JMeterThread: Thread finished: Users – 200 Tasks 2-103
2025-11-18 19:56:03,410 INFO o.a.j.t.JMeterThread: Thread started: Users – 200 Tasks 2-104
2025-11-18 19:56:03,412 INFO o.a.j.t.JMeterThread: Thread is done: Users – 200 Tasks 2-104
2025-11-18 19:56:03,412 INFO o.a.j.t.JMeterThread: Thread finished: Users – 200 Tasks 2-104
2025-11-18 19:56:03,428 INFO o.a.j.t.JMeterThread: Thread started: API 1-53
2025-11-18 19:56:03,441 INFO o.a.j.t.JMeterThread: Thread is done: API 1-53
2025-11-18 19:56:03,441 INFO o.a.j.t.JMeterThread: Thread finished: API 1-53
2025-11-18 19:56:03,460 INFO o.a.j.t.JMeterThread: Thread started: Users – 200 Tasks 2-105
2025-11-18 19:56:03,461 INFO o.a.j.t.JMeterThread: Thread is done: Users – 200 Tasks 2-105
2025-11-18 19:56:03,461 INFO o.a.j.t.JMeterThread: Thread finished: Users – 200 Tasks 2-105
2025-11-18 19:56:03,511 INFO o.a.j.t.JMeterThread: Thread started: Users – 200 Tasks 2-106
2025-11-18 19:56:03,519 INFO o.a.j.t.JMeterThread: Thread is done: Users – 200 Tasks 2-106
2025-11-18 19:56:03,519 INFO o.a.j.t.JMeterThread: Thread finished: Users – 200 Tasks 2-106
2025-11-18 19:56:03,528 INFO o.a.j.t.JMeterThread: Thread started: API 1-54
2025-11-18 19:56:03,534 INFO o.a.j.t.JMeterThread: Thread is done: API 1-54
2025-11-18 19:56:03,534 INFO o.a.j.t.JMeterThread: Thread finished: API 1-54
2025-11-18 19:56:03,561 INFO o.a.j.t.JMeterThread: Thread started: Users – 200 Tasks 2-107
2025-11-18 19:56:03,562 INFO o.a.j.t.JMeterThread: Thread is done: Users – 200 Tasks 2-107
2025-11-18 19:56:03,562 INFO o.a.j.t.JMeterThread: Thread finished: Users – 200 Tasks 2-107
2025-11-18 19:56:03,610 INFO o.a.j.t.JMeterThread: Thread started: Users – 200 Tasks 2-108
2025-11-18 19:56:03,611 INFO o.a.j.t.JMeterThread: Thread is done: Users – 200 Tasks 2-108
2025-11-18 19:56:03,611 INFO o.a.j.t.JMeterThread: Thread finished: Users – 200 Tasks 2-108
2025-11-18 19:56:03,628 INFO o.a.j.t.JMeterThread: Thread started: API 1-55
2025-11-18 19:56:03,637 INFO o.a.j.t.JMeterThread: Thread is done: API 1-55
2025-11-18 19:56:03,637 INFO o.a.j.t.JMeterThread: Thread finished: API 1-55
2025-11-18 19:56:03,661 INFO o.a.j.t.JMeterThread: Thread started: Users – 200 Tasks 2-109
2025-11-18 19:56:03,662 INFO o.a.j.t.JMeterThread: Thread is done: Users – 200 Tasks 2-109
2025-11-18 19:56:03,662 INFO o.a.j.t.JMeterThread: Thread finished: Users – 200 Tasks 2-109
2025-11-18 19:56:03,711 INFO o.a.j.t.JMeterThread: Thread started: Users – 200 Tasks 2-110
2025-11-18 19:56:03,715 INFO o.a.j.t.JMeterThread: Thread is done: Users – 200 Tasks 2-110
2025-11-18 19:56:03,715 INFO o.a.j.t.JMeterThread: Thread finished: Users – 200 Tasks 2-110
2025-11-18 19:56:03,728 INFO o.a.j.t.JMeterThread: Thread started: API 1-56
2025-11-18 19:56:03,741 INFO o.a.j.t.JMeterThread: Thread is done: API 1-56
2025-11-18 19:56:03,741 INFO o.a.j.t.JMeterThread: Thread finished: API 1-56
2025-11-18 19:56:03,762 INFO o.a.j.t.JMeterThread: Thread started: Users – 200 Tasks 2-111
2025-11-18 19:56:03,763 INFO o.a.j.t.JMeterThread: Thread is done: Users – 200 Tasks 2-111
2025-11-18 19:56:03,763 INFO o.a.j.t.JMeterThread: Thread finished: Users – 200 Tasks 2-111
2025-11-18 19:56:03,811 INFO o.a.j.t.JMeterThread: Thread started: Users – 200 Tasks 2-112
2025-11-18 19:56:03,814 INFO o.a.j.t.JMeterThread: Thread is done: Users – 200 Tasks 2-112
2025-11-18 19:56:03,814 INFO o.a.j.t.JMeterThread: Thread finished: Users – 200 Tasks 2-112
2025-11-18 19:56:03,829 INFO o.a.j.t.JMeterThread: Thread started: API 1-57
2025-11-18 19:56:03,836 INFO o.a.j.t.JMeterThread: Thread is done: API 1-57
2025-11-18 19:56:03,836 INFO o.a.j.t.JMeterThread: Thread finished: API 1-57
2025-11-18 19:56:03,861 INFO o.a.j.t.JMeterThread: Thread started: Users – 200 Tasks 2-113
2025-11-18 19:56:03,863 INFO o.a.j.t.JMeterThread: Thread is done: Users – 200 Tasks 2-113
2025-11-18 19:56:03,863 INFO o.a.j.t.JMeterThread: Thread finished: Users – 200 Tasks 2-113
2025-11-18 19:56:03,913 INFO o.a.j.t.JMeterThread: Thread started: Users – 200 Tasks 2-114
2025-11-18 19:56:03,915 INFO o.a.j.t.JMeterThread: Thread is done: Users – 200 Tasks 2-114
2025-11-18 19:56:03,916 INFO o.a.j.t.JMeterThread: Thread finished: Users – 200 Tasks 2-114
2025-11-18 19:56:03,928 INFO o.a.j.t.JMeterThread: Thread started: API 1-58
2025-11-18 19:56:03,938 INFO o.a.j.t.JMeterThread: Thread is done: API 1-58
2025-11-18 19:56:03,938 INFO o.a.j.t.JMeterThread: Thread finished: API 1-58
2025-11-18 19:56:03,961 INFO o.a.j.t.JMeterThread: Thread started: Users – 200 Tasks 2-115
2025-11-18 19:56:03,962 INFO o.a.j.t.JMeterThread: Thread is done: Users – 200 Tasks 2-115
2025-11-18 19:56:03,962 INFO o.a.j.t.JMeterThread: Thread finished: Users – 200 Tasks 2-115
2025-11-18 19:56:04,011 INFO o.a.j.t.JMeterThread: Thread started: Users – 200 Tasks 2-116
2025-11-18 19:56:04,012 INFO o.a.j.t.JMeterThread: Thread is done: Users – 200 Tasks 2-116
2025-11-18 19:56:04,012 INFO o.a.j.t.JMeterThread: Thread finished: Users – 200 Tasks 2-116
2025-11-18 19:56:04,029 INFO o.a.j.t.JMeterThread: Thread started: API 1-59
2025-11-18 19:56:04,032 INFO o.a.j.t.JMeterThread: Thread is done: API 1-59
2025-11-18 19:56:04,033 INFO o.a.j.t.JMeterThread: Thread finished: API 1-59
2025-11-18 19:56:04,063 INFO o.a.j.t.JMeterThread: Thread started: Users – 200 Tasks 2-117
2025-11-18 19:56:04,064 INFO o.a.j.t.JMeterThread: Thread is done: Users – 200 Tasks 2-117
2025-11-18 19:56:04,064 INFO o.a.j.t.JMeterThread: Thread finished: Users – 200 Tasks 2-117
2025-11-18 19:56:04,112 INFO o.a.j.t.JMeterThread: Thread started: Users – 200 Tasks 2-118
2025-11-18 19:56:04,114 INFO o.a.j.t.JMeterThread: Thread is done: Users – 200 Tasks 2-118
2025-11-18 19:56:04,115 INFO o.a.j.t.JMeterThread: Thread finished: Users – 200 Tasks 2-118
2025-11-18 19:56:04,129 INFO o.a.j.t.JMeterThread: Thread started: API 1-60
2025-11-18 19:56:04,140 INFO o.a.j.t.JMeterThread: Thread is done: API 1-60
2025-11-18 19:56:04,140 INFO o.a.j.t.JMeterThread: Thread finished: API 1-60
2025-11-18 19:56:04,162 INFO o.a.j.t.JMeterThread: Thread started: Users – 200 Tasks 2-119
2025-11-18 19:56:04,163 INFO o.a.j.t.JMeterThread: Thread is done: Users – 200 Tasks 2-119
2025-11-18 19:56:04,164 INFO o.a.j.t.JMeterThread: Thread finished: Users – 200 Tasks 2-119
2025-11-18 19:56:04,211 INFO o.a.j.t.JMeterThread: Thread started: Users – 200 Tasks 2-120
2025-11-18 19:56:04,213 INFO o.a.j.t.JMeterThread: Thread is done: Users – 200 Tasks 2-120
2025-11-18 19:56:04,214 INFO o.a.j.t.JMeterThread: Thread finished: Users – 200 Tasks 2-120
2025-11-18 19:56:04,228 INFO o.a.j.t.JMeterThread: Thread started: API 1-61
2025-11-18 19:56:04,238 INFO o.a.j.t.JMeterThread: Thread is done: API 1-61
2025-11-18 19:56:04,239 INFO o.a.j.t.JMeterThread: Thread finished: API 1-61
2025-11-18 19:56:04,262 INFO o.a.j.t.JMeterThread: Thread started: Users – 200 Tasks 2-121
2025-11-18 19:56:04,264 INFO o.a.j.t.JMeterThread: Thread is done: Users – 200 Tasks 2-121
2025-11-18 19:56:04,265 INFO o.a.j.t.JMeterThread: Thread finished: Users – 200 Tasks 2-121
2025-11-18 19:56:04,312 INFO o.a.j.t.JMeterThread: Thread started: Users – 200 Tasks 2-122
2025-11-18 19:56:04,314 INFO o.a.j.t.JMeterThread: Thread is done: Users – 200 Tasks 2-122
2025-11-18 19:56:04,314 INFO o.a.j.t.JMeterThread: Thread finished: Users – 200 Tasks 2-122
2025-11-18 19:56:04,329 INFO o.a.j.t.JMeterThread: Thread started: API 1-62
2025-11-18 19:56:04,339 INFO o.a.j.t.JMeterThread: Thread is done: API 1-62
2025-11-18 19:56:04,339 INFO o.a.j.t.JMeterThread: Thread finished: API 1-62
2025-11-18 19:56:04,360 INFO o.a.j.t.JMeterThread: Thread started: Users – 200 Tasks 2-123
2025-11-18 19:56:04,361 INFO o.a.j.t.JMeterThread: Thread is done: Users – 200 Tasks 2-123
2025-11-18 19:56:04,361 INFO o.a.j.t.JMeterThread: Thread finished: Users – 200 Tasks 2-123
2025-11-18 19:56:04,411 INFO o.a.j.t.JMeterThread: Thread started: Users – 200 Tasks 2-124
2025-11-18 19:56:04,424 INFO o.a.j.t.JMeterThread: Thread is done: Users – 200 Tasks 2-124
2025-11-18 19:56:04,424 INFO o.a.j.t.JMeterThread: Thread finished: Users – 200 Tasks 2-124
2025-11-18 19:56:04,429 INFO o.a.j.t.JMeterThread: Thread started: API 1-63
2025-11-18 19:56:04,434 INFO o.a.j.t.JMeterThread: Thread is done: API 1-63
2025-11-18 19:56:04,435 INFO o.a.j.t.JMeterThread: Thread finished: API 1-63
2025-11-18 19:56:04,462 INFO o.a.j.t.JMeterThread: Thread started: Users – 200 Tasks 2-125
2025-11-18 19:56:04,463 INFO o.a.j.t.JMeterThread: Thread is done: Users – 200 Tasks 2-125
2025-11-18 19:56:04,463 INFO o.a.j.t.JMeterThread: Thread finished: Users – 200 Tasks 2-125
2025-11-18 19:56:04,511 INFO o.a.j.t.JMeterThread: Thread started: Users – 200 Tasks 2-126
2025-11-18 19:56:04,516 INFO o.a.j.t.JMeterThread: Thread is done: Users – 200 Tasks 2-126
2025-11-18 19:56:04,516 INFO o.a.j.t.JMeterThread: Thread finished: Users – 200 Tasks 2-126
2025-11-18 19:56:04,530 INFO o.a.j.t.JMeterThread: Thread started: API 1-64
2025-11-18 19:56:04,543 INFO o.a.j.t.JMeterThread: Thread is done: API 1-64
2025-11-18 19:56:04,543 INFO o.a.j.t.JMeterThread: Thread finished: API 1-64
2025-11-18 19:56:04,562 INFO o.a.j.t.JMeterThread: Thread started: Users – 200 Tasks 2-127
2025-11-18 19:56:04,564 INFO o.a.j.t.JMeterThread: Thread is done: Users – 200 Tasks 2-127
2025-11-18 19:56:04,564 INFO o.a.j.t.JMeterThread: Thread finished: Users – 200 Tasks 2-127
2025-11-18 19:56:04,611 INFO o.a.j.t.JMeterThread: Thread started: Users – 200 Tasks 2-128
2025-11-18 19:56:04,618 INFO o.a.j.t.JMeterThread: Thread is done: Users – 200 Tasks 2-128
2025-11-18 19:56:04,618 INFO o.a.j.t.JMeterThread: Thread finished: Users – 200 Tasks 2-128
2025-11-18 19:56:04,630 INFO o.a.j.t.JMeterThread: Thread started: API 1-65
2025-11-18 19:56:04,640 INFO o.a.j.t.JMeterThread: Thread is done: API 1-65
2025-11-18 19:56:04,640 INFO o.a.j.t.JMeterThread: Thread finished: API 1-65
2025-11-18 19:56:04,661 INFO o.a.j.t.JMeterThread: Thread started: Users – 200 Tasks 2-129
2025-11-18 19:56:04,662 INFO o.a.j.t.JMeterThread: Thread is done: Users – 200 Tasks 2-129
2025-11-18 19:56:04,663 INFO o.a.j.t.JMeterThread: Thread finished: Users – 200 Tasks 2-129
2025-11-18 19:56:04,712 INFO o.a.j.t.JMeterThread: Thread started: Users – 200 Tasks 2-130
2025-11-18 19:56:04,713 INFO o.a.j.t.JMeterThread: Thread is done: Users – 200 Tasks 2-130
2025-11-18 19:56:04,714 INFO o.a.j.t.JMeterThread: Thread finished: Users – 200 Tasks 2-130
2025-11-18 19:56:04,728 INFO o.a.j.t.JMeterThread: Thread started: API 1-66
2025-11-18 19:56:04,743 INFO o.a.j.t.JMeterThread: Thread is done: API 1-66
2025-11-18 19:56:04,743 INFO o.a.j.t.JMeterThread: Thread finished: API 1-66
2025-11-18 19:56:04,761 INFO o.a.j.t.JMeterThread: Thread started: Users – 200 Tasks 2-131
2025-11-18 19:56:04,762 INFO o.a.j.t.JMeterThread: Thread is done: Users – 200 Tasks 2-131
2025-11-18 19:56:04,762 INFO o.a.j.t.JMeterThread: Thread finished: Users – 200 Tasks 2-131
2025-11-18 19:56:04,810 INFO o.a.j.t.JMeterThread: Thread started: Users – 200 Tasks 2-132
2025-11-18 19:56:04,812 INFO o.a.j.t.JMeterThread: Thread is done: Users – 200 Tasks 2-132
2025-11-18 19:56:04,812 INFO o.a.j.t.JMeterThread: Thread finished: Users – 200 Tasks 2-132
2025-11-18 19:56:04,829 INFO o.a.j.t.JMeterThread: Thread started: API 1-67
2025-11-18 19:56:04,839 INFO o.a.j.t.JMeterThread: Thread is done: API 1-67
2025-11-18 19:56:04,839 INFO o.a.j.t.JMeterThread: Thread finished: API 1-67
2025-11-18 19:56:04,861 INFO o.a.j.t.JMeterThread: Thread started: Users – 200 Tasks 2-133
2025-11-18 19:56:04,863 INFO o.a.j.t.JMeterThread: Thread is done: Users – 200 Tasks 2-133
2025-11-18 19:56:04,863 INFO o.a.j.t.JMeterThread: Thread finished: Users – 200 Tasks 2-133
2025-11-18 19:56:04,910 INFO o.a.j.t.JMeterThread: Thread started: Users – 200 Tasks 2-134
2025-11-18 19:56:04,912 INFO o.a.j.t.JMeterThread: Thread is done: Users – 200 Tasks 2-134
2025-11-18 19:56:04,912 INFO o.a.j.t.JMeterThread: Thread finished: Users – 200 Tasks 2-134
2025-11-18 19:56:04,929 INFO o.a.j.t.JMeterThread: Thread started: API 1-68
2025-11-18 19:56:04,939 INFO o.a.j.t.JMeterThread: Thread is done: API 1-68
2025-11-18 19:56:04,939 INFO o.a.j.t.JMeterThread: Thread finished: API 1-68
2025-11-18 19:56:04,961 INFO o.a.j.t.JMeterThread: Thread started: Users – 200 Tasks 2-135
2025-11-18 19:56:04,964 INFO o.a.j.t.JMeterThread: Thread is done: Users – 200 Tasks 2-135
2025-11-18 19:56:04,964 INFO o.a.j.t.JMeterThread: Thread finished: Users – 200 Tasks 2-135
2025-11-18 19:56:05,011 INFO o.a.j.t.JMeterThread: Thread started: Users – 200 Tasks 2-136
2025-11-18 19:56:05,014 INFO o.a.j.t.JMeterThread: Thread is done: Users – 200 Tasks 2-136
2025-11-18 19:56:05,014 INFO o.a.j.t.JMeterThread: Thread finished: Users – 200 Tasks 2-136
2025-11-18 19:56:05,028 INFO o.a.j.t.JMeterThread: Thread started: API 1-69
2025-11-18 19:56:05,040 INFO o.a.j.t.JMeterThread: Thread is done: API 1-69
2025-11-18 19:56:05,040 INFO o.a.j.t.JMeterThread: Thread finished: API 1-69
2025-11-18 19:56:05,060 INFO o.a.j.t.JMeterThread: Thread started: Users – 200 Tasks 2-137
2025-11-18 19:56:05,062 INFO o.a.j.t.JMeterThread: Thread is done: Users – 200 Tasks 2-137
2025-11-18 19:56:05,062 INFO o.a.j.t.JMeterThread: Thread finished: Users – 200 Tasks 2-137
2025-11-18 19:56:05,110 INFO o.a.j.t.JMeterThread: Thread started: Users – 200 Tasks 2-138
2025-11-18 19:56:05,112 INFO o.a.j.t.JMeterThread: Thread is done: Users – 200 Tasks 2-138
2025-11-18 19:56:05,112 INFO o.a.j.t.JMeterThread: Thread finished: Users – 200 Tasks 2-138
2025-11-18 19:56:05,128 INFO o.a.j.t.JMeterThread: Thread started: API 1-70
2025-11-18 19:56:05,138 INFO o.a.j.t.JMeterThread: Thread is done: API 1-70
2025-11-18 19:56:05,139 INFO o.a.j.t.JMeterThread: Thread finished: API 1-70
2025-11-18 19:56:05,161 INFO o.a.j.t.JMeterThread: Thread started: Users – 200 Tasks 2-139
2025-11-18 19:56:05,164 INFO o.a.j.t.JMeterThread: Thread is done: Users – 200 Tasks 2-139
2025-11-18 19:56:05,165 INFO o.a.j.t.JMeterThread: Thread finished: Users – 200 Tasks 2-139
2025-11-18 19:56:05,211 INFO o.a.j.t.JMeterThread: Thread started: Users – 200 Tasks 2-140
2025-11-18 19:56:05,212 INFO o.a.j.t.JMeterThread: Thread is done: Users – 200 Tasks 2-140
2025-11-18 19:56:05,213 INFO o.a.j.t.JMeterThread: Thread finished: Users – 200 Tasks 2-140
2025-11-18 19:56:05,229 INFO o.a.j.t.JMeterThread: Thread started: API 1-71
2025-11-18 19:56:05,246 INFO o.a.j.t.JMeterThread: Thread is done: API 1-71
2025-11-18 19:56:05,246 INFO o.a.j.t.JMeterThread: Thread finished: API 1-71
2025-11-18 19:56:05,261 INFO o.a.j.t.JMeterThread: Thread started: Users – 200 Tasks 2-141
2025-11-18 19:56:05,262 INFO o.a.j.t.JMeterThread: Thread is done: Users – 200 Tasks 2-141
2025-11-18 19:56:05,262 INFO o.a.j.t.JMeterThread: Thread finished: Users – 200 Tasks 2-141
2025-11-18 19:56:05,311 INFO o.a.j.t.JMeterThread: Thread started: Users – 200 Tasks 2-142
2025-11-18 19:56:05,313 INFO o.a.j.t.JMeterThread: Thread is done: Users – 200 Tasks 2-142
2025-11-18 19:56:05,314 INFO o.a.j.t.JMeterThread: Thread finished: Users – 200 Tasks 2-142
2025-11-18 19:56:05,329 INFO o.a.j.t.JMeterThread: Thread started: API 1-72
2025-11-18 19:56:05,343 INFO o.a.j.t.JMeterThread: Thread is done: API 1-72
2025-11-18 19:56:05,343 INFO o.a.j.t.JMeterThread: Thread finished: API 1-72
2025-11-18 19:56:05,360 INFO o.a.j.t.JMeterThread: Thread started: Users – 200 Tasks 2-143
2025-11-18 19:56:05,362 INFO o.a.j.t.JMeterThread: Thread is done: Users – 200 Tasks 2-143
2025-11-18 19:56:05,362 INFO o.a.j.t.JMeterThread: Thread finished: Users – 200 Tasks 2-143
2025-11-18 19:56:05,410 INFO o.a.j.t.JMeterThread: Thread started: Users – 200 Tasks 2-144
2025-11-18 19:56:05,412 INFO o.a.j.t.JMeterThread: Thread is done: Users – 200 Tasks 2-144
2025-11-18 19:56:05,412 INFO o.a.j.t.JMeterThread: Thread finished: Users – 200 Tasks 2-144
2025-11-18 19:56:05,429 INFO o.a.j.t.JMeterThread: Thread started: API 1-73
2025-11-18 19:56:05,442 INFO o.a.j.t.JMeterThread: Thread is done: API 1-73
2025-11-18 19:56:05,442 INFO o.a.j.t.JMeterThread: Thread finished: API 1-73
2025-11-18 19:56:05,462 INFO o.a.j.t.JMeterThread: Thread started: Users – 200 Tasks 2-145
2025-11-18 19:56:05,462 INFO o.a.j.t.JMeterThread: Thread is done: Users – 200 Tasks 2-145
2025-11-18 19:56:05,463 INFO o.a.j.t.JMeterThread: Thread finished: Users – 200 Tasks 2-145
2025-11-18 19:56:05,513 INFO o.a.j.t.JMeterThread: Thread started: Users – 200 Tasks 2-146
2025-11-18 19:56:05,517 INFO o.a.j.t.JMeterThread: Thread is done: Users – 200 Tasks 2-146
2025-11-18 19:56:05,518 INFO o.a.j.t.JMeterThread: Thread finished: Users – 200 Tasks 2-146
2025-11-18 19:56:05,528 INFO o.a.j.t.JMeterThread: Thread started: API 1-74
2025-11-18 19:56:05,542 INFO o.a.j.t.JMeterThread: Thread is done: API 1-74
2025-11-18 19:56:05,542 INFO o.a.j.t.JMeterThread: Thread finished: API 1-74
2025-11-18 19:56:05,562 INFO o.a.j.t.JMeterThread: Thread started: Users – 200 Tasks 2-147
2025-11-18 19:56:05,563 INFO o.a.j.t.JMeterThread: Thread is done: Users – 200 Tasks 2-147
2025-11-18 19:56:05,563 INFO o.a.j.t.JMeterThread: Thread finished: Users – 200 Tasks 2-147
2025-11-18 19:56:05,611 INFO o.a.j.t.JMeterThread: Thread started: Users – 200 Tasks 2-148
2025-11-18 19:56:05,613 INFO o.a.j.t.JMeterThread: Thread is done: Users – 200 Tasks 2-148
2025-11-18 19:56:05,613 INFO o.a.j.t.JMeterThread: Thread finished: Users – 200 Tasks 2-148
2025-11-18 19:56:05,629 INFO o.a.j.t.JMeterThread: Thread started: API 1-75
2025-11-18 19:56:05,635 INFO o.a.j.t.JMeterThread: Thread is done: API 1-75
2025-11-18 19:56:05,635 INFO o.a.j.t.JMeterThread: Thread finished: API 1-75
2025-11-18 19:56:05,662 INFO o.a.j.t.JMeterThread: Thread started: Users – 200 Tasks 2-149
2025-11-18 19:56:05,663 INFO o.a.j.t.JMeterThread: Thread is done: Users – 200 Tasks 2-149
2025-11-18 19:56:05,663 INFO o.a.j.t.JMeterThread: Thread finished: Users – 200 Tasks 2-149
2025-11-18 19:56:05,711 INFO o.a.j.t.JMeterThread: Thread started: Users – 200 Tasks 2-150
2025-11-18 19:56:05,712 INFO o.a.j.t.JMeterThread: Thread is done: Users – 200 Tasks 2-150
2025-11-18 19:56:05,712 INFO o.a.j.t.JMeterThread: Thread finished: Users – 200 Tasks 2-150
2025-11-18 19:56:05,728 INFO o.a.j.t.JMeterThread: Thread started: API 1-76
2025-11-18 19:56:05,736 INFO o.a.j.t.JMeterThread: Thread is done: API 1-76
2025-11-18 19:56:05,736 INFO o.a.j.t.JMeterThread: Thread finished: API 1-76
2025-11-18 19:56:05,761 INFO o.a.j.t.JMeterThread: Thread started: Users – 200 Tasks 2-151
2025-11-18 19:56:05,762 INFO o.a.j.t.JMeterThread: Thread is done: Users – 200 Tasks 2-151
2025-11-18 19:56:05,763 INFO o.a.j.t.JMeterThread: Thread finished: Users – 200 Tasks 2-151
2025-11-18 19:56:05,811 INFO o.a.j.t.JMeterThread: Thread started: Users – 200 Tasks 2-152
2025-11-18 19:56:05,812 INFO o.a.j.t.JMeterThread: Thread is done: Users – 200 Tasks 2-152
2025-11-18 19:56:05,812 INFO o.a.j.t.JMeterThread: Thread finished: Users – 200 Tasks 2-152
2025-11-18 19:56:05,828 INFO o.a.j.t.JMeterThread: Thread started: API 1-77
2025-11-18 19:56:05,835 INFO o.a.j.t.JMeterThread: Thread is done: API 1-77
2025-11-18 19:56:05,835 INFO o.a.j.t.JMeterThread: Thread finished: API 1-77
2025-11-18 19:56:05,862 INFO o.a.j.t.JMeterThread: Thread started: Users – 200 Tasks 2-153
2025-11-18 19:56:05,862 INFO o.a.j.t.JMeterThread: Thread is done: Users – 200 Tasks 2-153
2025-11-18 19:56:05,862 INFO o.a.j.t.JMeterThread: Thread finished: Users – 200 Tasks 2-153
2025-11-18 19:56:05,911 INFO o.a.j.t.JMeterThread: Thread started: Users – 200 Tasks 2-154
2025-11-18 19:56:05,912 INFO o.a.j.t.JMeterThread: Thread is done: Users – 200 Tasks 2-154
2025-11-18 19:56:05,912 INFO o.a.j.t.JMeterThread: Thread finished: Users – 200 Tasks 2-154
2025-11-18 19:56:05,929 INFO o.a.j.t.JMeterThread: Thread started: API 1-78
2025-11-18 19:56:05,934 INFO o.a.j.t.JMeterThread: Thread is done: API 1-78
2025-11-18 19:56:05,934 INFO o.a.j.t.JMeterThread: Thread finished: API 1-78
2025-11-18 19:56:05,960 INFO o.a.j.t.JMeterThread: Thread started: Users – 200 Tasks 2-155
2025-11-18 19:56:05,961 INFO o.a.j.t.JMeterThread: Thread is done: Users – 200 Tasks 2-155
2025-11-18 19:56:05,961 INFO o.a.j.t.JMeterThread: Thread finished: Users – 200 Tasks 2-155
2025-11-18 19:56:06,012 INFO o.a.j.t.JMeterThread: Thread started: Users – 200 Tasks 2-156
2025-11-18 19:56:06,012 INFO o.a.j.t.JMeterThread: Thread is done: Users – 200 Tasks 2-156
2025-11-18 19:56:06,012 INFO o.a.j.t.JMeterThread: Thread finished: Users – 200 Tasks 2-156
2025-11-18 19:56:06,029 INFO o.a.j.t.JMeterThread: Thread started: API 1-79
2025-11-18 19:56:06,035 INFO o.a.j.t.JMeterThread: Thread is done: API 1-79
2025-11-18 19:56:06,035 INFO o.a.j.t.JMeterThread: Thread finished: API 1-79
2025-11-18 19:56:06,063 INFO o.a.j.t.JMeterThread: Thread started: Users – 200 Tasks 2-157
2025-11-18 19:56:06,064 INFO o.a.j.t.JMeterThread: Thread is done: Users – 200 Tasks 2-157
2025-11-18 19:56:06,064 INFO o.a.j.t.JMeterThread: Thread finished: Users – 200 Tasks 2-157
2025-11-18 19:56:06,110 INFO o.a.j.t.JMeterThread: Thread started: Users – 200 Tasks 2-158
2025-11-18 19:56:06,112 INFO o.a.j.t.JMeterThread: Thread is done: Users – 200 Tasks 2-158
2025-11-18 19:56:06,112 INFO o.a.j.t.JMeterThread: Thread finished: Users – 200 Tasks 2-158
2025-11-18 19:56:06,130 INFO o.a.j.t.JMeterThread: Thread started: API 1-80
2025-11-18 19:56:06,135 INFO o.a.j.t.JMeterThread: Thread is done: API 1-80
2025-11-18 19:56:06,135 INFO o.a.j.t.JMeterThread: Thread finished: API 1-80
2025-11-18 19:56:06,162 INFO o.a.j.t.JMeterThread: Thread started: Users – 200 Tasks 2-159
2025-11-18 19:56:06,164 INFO o.a.j.t.JMeterThread: Thread is done: Users – 200 Tasks 2-159
2025-11-18 19:56:06,164 INFO o.a.j.t.JMeterThread: Thread finished: Users – 200 Tasks 2-159
2025-11-18 19:56:06,212 INFO o.a.j.t.JMeterThread: Thread started: Users – 200 Tasks 2-160
2025-11-18 19:56:06,214 INFO o.a.j.t.JMeterThread: Thread is done: Users – 200 Tasks 2-160
2025-11-18 19:56:06,214 INFO o.a.j.t.JMeterThread: Thread finished: Users – 200 Tasks 2-160
2025-11-18 19:56:06,229 INFO o.a.j.t.JMeterThread: Thread started: API 1-81
2025-11-18 19:56:06,242 INFO o.a.j.t.JMeterThread: Thread is done: API 1-81
2025-11-18 19:56:06,242 INFO o.a.j.t.JMeterThread: Thread finished: API 1-81
2025-11-18 19:56:06,261 INFO o.a.j.t.JMeterThread: Thread started: Users – 200 Tasks 2-161
2025-11-18 19:56:06,262 INFO o.a.j.t.JMeterThread: Thread is done: Users – 200 Tasks 2-161
2025-11-18 19:56:06,262 INFO o.a.j.t.JMeterThread: Thread finished: Users – 200 Tasks 2-161
2025-11-18 19:56:06,312 INFO o.a.j.t.JMeterThread: Thread started: Users – 200 Tasks 2-162
2025-11-18 19:56:06,318 INFO o.a.j.t.JMeterThread: Thread is done: Users – 200 Tasks 2-162
2025-11-18 19:56:06,318 INFO o.a.j.t.JMeterThread: Thread finished: Users – 200 Tasks 2-162
2025-11-18 19:56:06,329 INFO o.a.j.t.JMeterThread: Thread started: API 1-82
2025-11-18 19:56:06,333 INFO o.a.j.t.JMeterThread: Thread is done: API 1-82
2025-11-18 19:56:06,333 INFO o.a.j.t.JMeterThread: Thread finished: API 1-82
2025-11-18 19:56:06,363 INFO o.a.j.t.JMeterThread: Thread started: Users – 200 Tasks 2-163
2025-11-18 19:56:06,367 INFO o.a.j.t.JMeterThread: Thread is done: Users – 200 Tasks 2-163
2025-11-18 19:56:06,367 INFO o.a.j.t.JMeterThread: Thread finished: Users – 200 Tasks 2-163
2025-11-18 19:56:06,413 INFO o.a.j.t.JMeterThread: Thread started: Users – 200 Tasks 2-164
2025-11-18 19:56:06,415 INFO o.a.j.t.JMeterThread: Thread is done: Users – 200 Tasks 2-164
2025-11-18 19:56:06,415 INFO o.a.j.t.JMeterThread: Thread finished: Users – 200 Tasks 2-164
2025-11-18 19:56:06,428 INFO o.a.j.t.JMeterThread: Thread started: API 1-83
2025-11-18 19:56:06,440 INFO o.a.j.t.JMeterThread: Thread is done: API 1-83
2025-11-18 19:56:06,440 INFO o.a.j.t.JMeterThread: Thread finished: API 1-83
2025-11-18 19:56:06,462 INFO o.a.j.t.JMeterThread: Thread started: Users – 200 Tasks 2-165
2025-11-18 19:56:06,464 INFO o.a.j.t.JMeterThread: Thread is done: Users – 200 Tasks 2-165
2025-11-18 19:56:06,464 INFO o.a.j.t.JMeterThread: Thread finished: Users – 200 Tasks 2-165
2025-11-18 19:56:06,514 INFO o.a.j.t.JMeterThread: Thread started: Users – 200 Tasks 2-166
2025-11-18 19:56:06,515 INFO o.a.j.t.JMeterThread: Thread is done: Users – 200 Tasks 2-166
2025-11-18 19:56:06,515 INFO o.a.j.t.JMeterThread: Thread finished: Users – 200 Tasks 2-166
2025-11-18 19:56:06,529 INFO o.a.j.t.JMeterThread: Thread started: API 1-84
2025-11-18 19:56:06,537 INFO o.a.j.t.JMeterThread: Thread is done: API 1-84
2025-11-18 19:56:06,537 INFO o.a.j.t.JMeterThread: Thread finished: API 1-84
2025-11-18 19:56:06,561 INFO o.a.j.t.JMeterThread: Thread started: Users – 200 Tasks 2-167
2025-11-18 19:56:06,562 INFO o.a.j.t.JMeterThread: Thread is done: Users – 200 Tasks 2-167
2025-11-18 19:56:06,562 INFO o.a.j.t.JMeterThread: Thread finished: Users – 200 Tasks 2-167
2025-11-18 19:56:06,611 INFO o.a.j.t.JMeterThread: Thread started: Users – 200 Tasks 2-168
2025-11-18 19:56:06,612 INFO o.a.j.t.JMeterThread: Thread is done: Users – 200 Tasks 2-168
2025-11-18 19:56:06,612 INFO o.a.j.t.JMeterThread: Thread finished: Users – 200 Tasks 2-168
2025-11-18 19:56:06,628 INFO o.a.j.t.JMeterThread: Thread started: API 1-85
2025-11-18 19:56:06,638 INFO o.a.j.t.JMeterThread: Thread is done: API 1-85
2025-11-18 19:56:06,638 INFO o.a.j.t.JMeterThread: Thread finished: API 1-85
2025-11-18 19:56:06,661 INFO o.a.j.t.JMeterThread: Thread started: Users – 200 Tasks 2-169
2025-11-18 19:56:06,661 INFO o.a.j.t.JMeterThread: Thread is done: Users – 200 Tasks 2-169
2025-11-18 19:56:06,662 INFO o.a.j.t.JMeterThread: Thread finished: Users – 200 Tasks 2-169
2025-11-18 19:56:06,712 INFO o.a.j.t.JMeterThread: Thread started: Users – 200 Tasks 2-170
2025-11-18 19:56:06,714 INFO o.a.j.t.JMeterThread: Thread is done: Users – 200 Tasks 2-170
2025-11-18 19:56:06,714 INFO o.a.j.t.JMeterThread: Thread finished: Users – 200 Tasks 2-170
2025-11-18 19:56:06,728 INFO o.a.j.t.JMeterThread: Thread started: API 1-86
2025-11-18 19:56:06,737 INFO o.a.j.t.JMeterThread: Thread is done: API 1-86
2025-11-18 19:56:06,737 INFO o.a.j.t.JMeterThread: Thread finished: API 1-86
2025-11-18 19:56:06,761 INFO o.a.j.t.JMeterThread: Thread started: Users – 200 Tasks 2-171
2025-11-18 19:56:06,762 INFO o.a.j.t.JMeterThread: Thread is done: Users – 200 Tasks 2-171
2025-11-18 19:56:06,763 INFO o.a.j.t.JMeterThread: Thread finished: Users – 200 Tasks 2-171
2025-11-18 19:56:06,810 INFO o.a.j.t.JMeterThread: Thread started: Users – 200 Tasks 2-172
2025-11-18 19:56:06,811 INFO o.a.j.t.JMeterThread: Thread is done: Users – 200 Tasks 2-172
2025-11-18 19:56:06,811 INFO o.a.j.t.JMeterThread: Thread finished: Users – 200 Tasks 2-172
2025-11-18 19:56:06,830 INFO o.a.j.t.JMeterThread: Thread started: API 1-87
2025-11-18 19:56:06,840 INFO o.a.j.t.JMeterThread: Thread is done: API 1-87
2025-11-18 19:56:06,840 INFO o.a.j.t.JMeterThread: Thread finished: API 1-87
2025-11-18 19:56:06,862 INFO o.a.j.t.JMeterThread: Thread started: Users – 200 Tasks 2-173
2025-11-18 19:56:06,863 INFO o.a.j.t.JMeterThread: Thread is done: Users – 200 Tasks 2-173
2025-11-18 19:56:06,863 INFO o.a.j.t.JMeterThread: Thread finished: Users – 200 Tasks 2-173
2025-11-18 19:56:06,912 INFO o.a.j.t.JMeterThread: Thread started: Users – 200 Tasks 2-174
2025-11-18 19:56:06,914 INFO o.a.j.t.JMeterThread: Thread is done: Users – 200 Tasks 2-174
2025-11-18 19:56:06,914 INFO o.a.j.t.JMeterThread: Thread finished: Users – 200 Tasks 2-174
2025-11-18 19:56:06,930 INFO o.a.j.t.JMeterThread: Thread started: API 1-88
2025-11-18 19:56:06,940 INFO o.a.j.t.JMeterThread: Thread is done: API 1-88
2025-11-18 19:56:06,940 INFO o.a.j.t.JMeterThread: Thread finished: API 1-88
2025-11-18 19:56:06,961 INFO o.a.j.t.JMeterThread: Thread started: Users – 200 Tasks 2-175
2025-11-18 19:56:06,962 INFO o.a.j.t.JMeterThread: Thread is done: Users – 200 Tasks 2-175
2025-11-18 19:56:06,962 INFO o.a.j.t.JMeterThread: Thread finished: Users – 200 Tasks 2-175
2025-11-18 19:56:07,011 INFO o.a.j.t.JMeterThread: Thread started: Users – 200 Tasks 2-176
2025-11-18 19:56:07,013 INFO o.a.j.t.JMeterThread: Thread is done: Users – 200 Tasks 2-176
2025-11-18 19:56:07,013 INFO o.a.j.t.JMeterThread: Thread finished: Users – 200 Tasks 2-176
2025-11-18 19:56:07,030 INFO o.a.j.t.JMeterThread: Thread started: API 1-89
2025-11-18 19:56:07,039 INFO o.a.j.t.JMeterThread: Thread is done: API 1-89
2025-11-18 19:56:07,040 INFO o.a.j.t.JMeterThread: Thread finished: API 1-89
2025-11-18 19:56:07,061 INFO o.a.j.t.JMeterThread: Thread started: Users – 200 Tasks 2-177
2025-11-18 19:56:07,062 INFO o.a.j.t.JMeterThread: Thread is done: Users – 200 Tasks 2-177
2025-11-18 19:56:07,062 INFO o.a.j.t.JMeterThread: Thread finished: Users – 200 Tasks 2-177
2025-11-18 19:56:07,111 INFO o.a.j.t.JMeterThread: Thread started: Users – 200 Tasks 2-178
2025-11-18 19:56:07,113 INFO o.a.j.t.JMeterThread: Thread is done: Users – 200 Tasks 2-178
2025-11-18 19:56:07,113 INFO o.a.j.t.JMeterThread: Thread finished: Users – 200 Tasks 2-178
2025-11-18 19:56:07,128 INFO o.a.j.t.JMeterThread: Thread started: API 1-90
2025-11-18 19:56:07,140 INFO o.a.j.t.JMeterThread: Thread is done: API 1-90
2025-11-18 19:56:07,140 INFO o.a.j.t.JMeterThread: Thread finished: API 1-90
2025-11-18 19:56:07,161 INFO o.a.j.t.JMeterThread: Thread started: Users – 200 Tasks 2-179
2025-11-18 19:56:07,163 INFO o.a.j.t.JMeterThread: Thread is done: Users – 200 Tasks 2-179
2025-11-18 19:56:07,163 INFO o.a.j.t.JMeterThread: Thread finished: Users – 200 Tasks 2-179
2025-11-18 19:56:07,213 INFO o.a.j.t.JMeterThread: Thread started: Users – 200 Tasks 2-180
2025-11-18 19:56:07,216 INFO o.a.j.t.JMeterThread: Thread is done: Users – 200 Tasks 2-180
2025-11-18 19:56:07,216 INFO o.a.j.t.JMeterThread: Thread finished: Users – 200 Tasks 2-180
2025-11-18 19:56:07,229 INFO o.a.j.t.JMeterThread: Thread started: API 1-91
2025-11-18 19:56:07,235 INFO o.a.j.t.JMeterThread: Thread is done: API 1-91
2025-11-18 19:56:07,236 INFO o.a.j.t.JMeterThread: Thread finished: API 1-91
2025-11-18 19:56:07,263 INFO o.a.j.t.JMeterThread: Thread started: Users – 200 Tasks 2-181
2025-11-18 19:56:07,264 INFO o.a.j.t.JMeterThread: Thread is done: Users – 200 Tasks 2-181
2025-11-18 19:56:07,265 INFO o.a.j.t.JMeterThread: Thread finished: Users – 200 Tasks 2-181
2025-11-18 19:56:07,311 INFO o.a.j.t.JMeterThread: Thread started: Users – 200 Tasks 2-182
2025-11-18 19:56:07,312 INFO o.a.j.t.JMeterThread: Thread is done: Users – 200 Tasks 2-182
2025-11-18 19:56:07,312 INFO o.a.j.t.JMeterThread: Thread finished: Users – 200 Tasks 2-182
2025-11-18 19:56:07,329 INFO o.a.j.t.JMeterThread: Thread started: API 1-92
2025-11-18 19:56:07,339 INFO o.a.j.t.JMeterThread: Thread is done: API 1-92
2025-11-18 19:56:07,339 INFO o.a.j.t.JMeterThread: Thread finished: API 1-92
2025-11-18 19:56:07,361 INFO o.a.j.t.JMeterThread: Thread started: Users – 200 Tasks 2-183
2025-11-18 19:56:07,362 INFO o.a.j.t.JMeterThread: Thread is done: Users – 200 Tasks 2-183
2025-11-18 19:56:07,362 INFO o.a.j.t.JMeterThread: Thread finished: Users – 200 Tasks 2-183
2025-11-18 19:56:07,412 INFO o.a.j.t.JMeterThread: Thread started: Users – 200 Tasks 2-184
2025-11-18 19:56:07,414 INFO o.a.j.t.JMeterThread: Thread is done: Users – 200 Tasks 2-184
2025-11-18 19:56:07,414 INFO o.a.j.t.JMeterThread: Thread finished: Users – 200 Tasks 2-184
2025-11-18 19:56:07,430 INFO o.a.j.t.JMeterThread: Thread started: API 1-93
2025-11-18 19:56:07,442 INFO o.a.j.t.JMeterThread: Thread is done: API 1-93
2025-11-18 19:56:07,442 INFO o.a.j.t.JMeterThread: Thread finished: API 1-93
2025-11-18 19:56:07,461 INFO o.a.j.t.JMeterThread: Thread started: Users – 200 Tasks 2-185
2025-11-18 19:56:07,462 INFO o.a.j.t.JMeterThread: Thread is done: Users – 200 Tasks 2-185
2025-11-18 19:56:07,462 INFO o.a.j.t.JMeterThread: Thread finished: Users – 200 Tasks 2-185
2025-11-18 19:56:07,510 INFO o.a.j.t.JMeterThread: Thread started: Users – 200 Tasks 2-186
2025-11-18 19:56:07,511 INFO o.a.j.t.JMeterThread: Thread is done: Users – 200 Tasks 2-186
2025-11-18 19:56:07,511 INFO o.a.j.t.JMeterThread: Thread finished: Users – 200 Tasks 2-186
2025-11-18 19:56:07,529 INFO o.a.j.t.JMeterThread: Thread started: API 1-94
2025-11-18 19:56:07,540 INFO o.a.j.t.JMeterThread: Thread is done: API 1-94
2025-11-18 19:56:07,540 INFO o.a.j.t.JMeterThread: Thread finished: API 1-94
2025-11-18 19:56:07,561 INFO o.a.j.t.JMeterThread: Thread started: Users – 200 Tasks 2-187
2025-11-18 19:56:07,562 INFO o.a.j.t.JMeterThread: Thread is done: Users – 200 Tasks 2-187
2025-11-18 19:56:07,563 INFO o.a.j.t.JMeterThread: Thread finished: Users – 200 Tasks 2-187
2025-11-18 19:56:07,612 INFO o.a.j.t.JMeterThread: Thread started: Users – 200 Tasks 2-188
2025-11-18 19:56:07,613 INFO o.a.j.t.JMeterThread: Thread is done: Users – 200 Tasks 2-188
2025-11-18 19:56:07,613 INFO o.a.j.t.JMeterThread: Thread finished: Users – 200 Tasks 2-188
2025-11-18 19:56:07,629 INFO o.a.j.t.JMeterThread: Thread started: API 1-95
2025-11-18 19:56:07,637 INFO o.a.j.t.JMeterThread: Thread is done: API 1-95
2025-11-18 19:56:07,637 INFO o.a.j.t.JMeterThread: Thread finished: API 1-95
2025-11-18 19:56:07,661 INFO o.a.j.t.JMeterThread: Thread started: Users – 200 Tasks 2-189
2025-11-18 19:56:07,661 INFO o.a.j.t.JMeterThread: Thread is done: Users – 200 Tasks 2-189
2025-11-18 19:56:07,661 INFO o.a.j.t.JMeterThread: Thread finished: Users – 200 Tasks 2-189
2025-11-18 19:56:07,712 INFO o.a.j.t.JMeterThread: Thread started: Users – 200 Tasks 2-190
2025-11-18 19:56:07,713 INFO o.a.j.t.JMeterThread: Thread is done: Users – 200 Tasks 2-190
2025-11-18 19:56:07,713 INFO o.a.j.t.JMeterThread: Thread finished: Users – 200 Tasks 2-190
2025-11-18 19:56:07,729 INFO o.a.j.t.JMeterThread: Thread started: API 1-96
2025-11-18 19:56:07,739 INFO o.a.j.t.JMeterThread: Thread is done: API 1-96
2025-11-18 19:56:07,739 INFO o.a.j.t.JMeterThread: Thread finished: API 1-96
2025-11-18 19:56:07,762 INFO o.a.j.t.JMeterThread: Thread started: Users – 200 Tasks 2-191
2025-11-18 19:56:07,763 INFO o.a.j.t.JMeterThread: Thread is done: Users – 200 Tasks 2-191
2025-11-18 19:56:07,763 INFO o.a.j.t.JMeterThread: Thread finished: Users – 200 Tasks 2-191
2025-11-18 19:56:07,811 INFO o.a.j.t.JMeterThread: Thread started: Users – 200 Tasks 2-192
2025-11-18 19:56:07,812 INFO o.a.j.t.JMeterThread: Thread is done: Users – 200 Tasks 2-192
2025-11-18 19:56:07,812 INFO o.a.j.t.JMeterThread: Thread finished: Users – 200 Tasks 2-192
2025-11-18 19:56:07,830 INFO o.a.j.t.JMeterThread: Thread started: API 1-97
2025-11-18 19:56:07,840 INFO o.a.j.t.JMeterThread: Thread is done: API 1-97
2025-11-18 19:56:07,840 INFO o.a.j.t.JMeterThread: Thread finished: API 1-97
2025-11-18 19:56:07,861 INFO o.a.j.t.JMeterThread: Thread started: Users – 200 Tasks 2-193
2025-11-18 19:56:07,862 INFO o.a.j.t.JMeterThread: Thread is done: Users – 200 Tasks 2-193
2025-11-18 19:56:07,862 INFO o.a.j.t.JMeterThread: Thread finished: Users – 200 Tasks 2-193
2025-11-18 19:56:07,912 INFO o.a.j.t.JMeterThread: Thread started: Users – 200 Tasks 2-194
2025-11-18 19:56:07,913 INFO o.a.j.t.JMeterThread: Thread is done: Users – 200 Tasks 2-194
2025-11-18 19:56:07,913 INFO o.a.j.t.JMeterThread: Thread finished: Users – 200 Tasks 2-194
2025-11-18 19:56:07,929 INFO o.a.j.t.JMeterThread: Thread started: API 1-98
2025-11-18 19:56:07,940 INFO o.a.j.t.JMeterThread: Thread is done: API 1-98
2025-11-18 19:56:07,940 INFO o.a.j.t.JMeterThread: Thread finished: API 1-98
2025-11-18 19:56:07,962 INFO o.a.j.t.JMeterThread: Thread started: Users – 200 Tasks 2-195
2025-11-18 19:56:07,963 INFO o.a.j.t.JMeterThread: Thread is done: Users – 200 Tasks 2-195
2025-11-18 19:56:07,964 INFO o.a.j.t.JMeterThread: Thread finished: Users – 200 Tasks 2-195
2025-11-18 19:56:08,011 INFO o.a.j.t.JMeterThread: Thread started: Users – 200 Tasks 2-196
2025-11-18 19:56:08,012 INFO o.a.j.t.JMeterThread: Thread is done: Users – 200 Tasks 2-196
2025-11-18 19:56:08,013 INFO o.a.j.t.JMeterThread: Thread finished: Users – 200 Tasks 2-196
2025-11-18 19:56:08,029 INFO o.a.j.t.JMeterThread: Thread started: API 1-99
2025-11-18 19:56:08,040 INFO o.a.j.t.JMeterThread: Thread is done: API 1-99
2025-11-18 19:56:08,040 INFO o.a.j.t.JMeterThread: Thread finished: API 1-99
2025-11-18 19:56:08,061 INFO o.a.j.t.JMeterThread: Thread started: Users – 200 Tasks 2-197
2025-11-18 19:56:08,062 INFO o.a.j.t.JMeterThread: Thread is done: Users – 200 Tasks 2-197
2025-11-18 19:56:08,063 INFO o.a.j.t.JMeterThread: Thread finished: Users – 200 Tasks 2-197
2025-11-18 19:56:08,111 INFO o.a.j.t.JMeterThread: Thread started: Users – 200 Tasks 2-198
2025-11-18 19:56:08,112 INFO o.a.j.t.JMeterThread: Thread is done: Users – 200 Tasks 2-198
2025-11-18 19:56:08,112 INFO o.a.j.t.JMeterThread: Thread finished: Users – 200 Tasks 2-198
2025-11-18 19:56:08,130 INFO o.a.j.t.JMeterThread: Thread started: API 1-100
2025-11-18 19:56:08,161 INFO o.a.j.t.JMeterThread: Thread started: Users – 200 Tasks 2-199
2025-11-18 19:56:08,162 INFO o.a.j.t.JMeterThread: Thread is done: Users – 200 Tasks 2-199
2025-11-18 19:56:08,162 INFO o.a.j.t.JMeterThread: Thread finished: Users – 200 Tasks 2-199
2025-11-18 19:56:08,188 INFO o.a.j.t.JMeterThread: Thread is done: API 1-100
2025-11-18 19:56:08,188 INFO o.a.j.t.JMeterThread: Thread finished: API 1-100
2025-11-18 19:56:08,211 INFO o.a.j.t.JMeterThread: Thread started: Users – 200 Tasks 2-200
2025-11-18 19:56:08,211 INFO o.a.j.t.JMeterThread: Thread is done: Users – 200 Tasks 2-200
2025-11-18 19:56:08,211 INFO o.a.j.t.JMeterThread: Thread finished: Users – 200 Tasks 2-200
2025-11-18 19:56:08,212 INFO o.a.j.e.StandardJMeterEngine: Notifying test listeners of end of test
2025-11-18 19:56:08,212 INFO o.a.j.r.Summariser: summary +    246 in 00:00:08 =   30.0/s Avg:     2 Min:     0 Max:    57 Err:   164 (66.67%) Active: 0 Started: 300 Finished: 300
2025-11-18 19:56:08,213 INFO o.a.j.r.Summariser: summary =    300 in 00:00:10 =   30.0/s Avg:     2 Min:     0 Max:    57 Err:   200 (66.67%)
2025-11-18 19:56:08,214 INFO o.a.j.JMeter: Generating Dashboard
2025-11-18 19:56:08,214 INFO o.a.j.r.d.ReportGenerator: Flushing result collector before report Generation
2025-11-18 19:56:08,230 INFO o.a.j.r.p.NormalizerSampleConsumer: Using format, 'ms', to parse timeStamp field
2025-11-18 19:56:08,417 INFO o.a.j.r.p.AbstractSampleConsumer: class org.apache.jmeter.report.processor.AggregateConsumer#stopProducing(): beginDate produced 0 samples
2025-11-18 19:56:08,418 INFO o.a.j.r.p.AbstractSampleConsumer: class org.apache.jmeter.report.processor.AggregateConsumer#stopProducing(): endDate produced 0 samples
2025-11-18 19:56:08,422 INFO o.a.j.r.p.AbstractSampleConsumer: class org.apache.jmeter.report.processor.ApdexSummaryConsumer#stopProducing(): apdexSummary produced 0 samples
2025-11-18 19:56:08,422 INFO o.a.j.r.p.AbstractSampleConsumer: class org.apache.jmeter.report.processor.RequestsSummaryConsumer#stopProducing(): requestsSummary produced 0 samples
2025-11-18 19:56:08,427 INFO o.a.j.r.p.AbstractSampleConsumer: class org.apache.jmeter.report.processor.StatisticsSummaryConsumer#stopProducing(): statisticsSummary produced 0 samples
2025-11-18 19:56:08,428 INFO o.a.j.r.p.AbstractSampleConsumer: class org.apache.jmeter.report.processor.Top5ErrorsBySamplerConsumer#stopProducing(): top5ErrorsBySampler produced 0 samples
2025-11-18 19:56:08,429 INFO o.a.j.r.p.AbstractSampleConsumer: class org.apache.jmeter.report.processor.ErrorsSummaryConsumer#stopProducing(): errorsSummary produced 0 samples
2025-11-18 19:56:08,429 INFO o.a.j.r.p.AbstractSampleConsumer: class org.apache.jmeter.report.processor.graph.impl.HitsPerSecondGraphConsumer#stopProducing(): hitsPerSecond produced 0 samples
2025-11-18 19:56:08,452 INFO o.a.j.r.p.AbstractSampleConsumer: class org.apache.jmeter.report.processor.graph.impl.LatencyVSRequestGraphConsumer#stopProducing(): latencyVsRequest produced 0 samples
2025-11-18 19:56:08,452 INFO o.a.j.r.p.AbstractSampleConsumer: class org.apache.jmeter.report.processor.graph.impl.SyntheticResponseTimeDistributionGraphConsumer#stopProducing(): syntheticResponseTimeDistribution produced 0 samples
2025-11-18 19:56:08,452 INFO o.a.j.r.p.AbstractSampleConsumer: class org.apache.jmeter.report.processor.graph.impl.BytesThroughputGraphConsumer#stopProducing(): bytesThroughputOverTime produced 0 samples
2025-11-18 19:56:08,452 INFO o.a.j.r.p.AbstractSampleConsumer: class org.apache.jmeter.report.processor.graph.impl.CodesPerSecondGraphConsumer#stopProducing(): codesPerSecond produced 0 samples
2025-11-18 19:56:08,460 INFO o.a.j.r.p.AbstractSampleConsumer: class org.apache.jmeter.report.processor.graph.impl.ResponseTimeVSRequestGraphConsumer#stopProducing(): responseTimeVsRequest produced 0 samples
2025-11-18 19:56:08,460 INFO o.a.j.r.p.AbstractSampleConsumer: class org.apache.jmeter.report.processor.FilterConsumer#stopProducing(): startIntervalControlerFilter produced 2100 samples
2025-11-18 19:56:08,461 INFO o.a.j.r.p.AbstractSampleConsumer: class org.apache.jmeter.report.processor.graph.impl.TotalTPSGraphConsumer#stopProducing(): totalTPS produced 0 samples
2025-11-18 19:56:08,461 INFO o.a.j.r.p.AbstractSampleConsumer: class org.apache.jmeter.report.processor.graph.impl.ActiveThreadsGraphConsumer#stopProducing(): activeThreadsOverTime produced 0 samples
2025-11-18 19:56:08,461 INFO o.a.j.r.p.AbstractSampleConsumer: class org.apache.jmeter.report.processor.graph.impl.TimeVSThreadGraphConsumer#stopProducing(): timeVsThreads produced 0 samples
2025-11-18 19:56:08,461 INFO o.a.j.r.p.AbstractSampleConsumer: class org.apache.jmeter.report.processor.graph.impl.ResponseTimeDistributionGraphConsumer#stopProducing(): responseTimeDistribution produced 0 samples
2025-11-18 19:56:08,461 INFO o.a.j.r.p.AbstractSampleConsumer: class org.apache.jmeter.report.processor.graph.impl.TransactionsPerSecondGraphConsumer#stopProducing(): transactionsPerSecond produced 0 samples
2025-11-18 19:56:08,461 INFO o.a.j.r.p.AbstractSampleConsumer: class org.apache.jmeter.report.processor.graph.impl.ResponseTimePercentilesGraphConsumer#stopProducing(): responseTimePercentiles produced 0 samples
2025-11-18 19:56:08,461 INFO o.a.j.r.p.AbstractSampleConsumer: class org.apache.jmeter.report.processor.graph.impl.ResponseTimePercentilesOverTimeGraphConsumer#stopProducing(): responseTimePercentilesOverTime produced 0 samples
2025-11-18 19:56:08,461 INFO o.a.j.r.p.AbstractSampleConsumer: class org.apache.jmeter.report.processor.graph.impl.ResponseTimeOverTimeGraphConsumer#stopProducing(): responseTimesOverTime produced 0 samples
2025-11-18 19:56:08,461 INFO o.a.j.r.p.AbstractSampleConsumer: class org.apache.jmeter.report.processor.graph.impl.ConnectTimeOverTimeGraphConsumer#stopProducing(): connectTimeOverTime produced 0 samples
2025-11-18 19:56:08,461 INFO o.a.j.r.p.AbstractSampleConsumer: class org.apache.jmeter.report.processor.graph.impl.LatencyOverTimeGraphConsumer#stopProducing(): latenciesOverTime produced 0 samples
2025-11-18 19:56:08,461 INFO o.a.j.r.p.AbstractSampleConsumer: class org.apache.jmeter.report.processor.FilterConsumer#stopProducing(): nameFilter produced 4500 samples
2025-11-18 19:56:08,461 INFO o.a.j.r.p.AbstractSampleConsumer: class org.apache.jmeter.report.processor.FilterConsumer#stopProducing(): dateRangeFilter produced 900 samples
2025-11-18 19:56:08,461 INFO o.a.j.r.p.AbstractSampleConsumer: class org.apache.jmeter.report.processor.NormalizerSampleConsumer#stopProducing(): normalizer produced 300 samples
2025-11-18 19:56:08,462 INFO o.a.j.r.p.CsvFileSampleSource: produce(): 300 samples produced in 184ms on channel 0
2025-11-18 19:56:08,462 INFO o.a.j.r.d.ReportGenerator: Exporting data using exporter:'json' of className:'org.apache.jmeter.report.dashboard.JsonExporter'
2025-11-18 19:56:08,540 INFO o.a.j.r.d.JsonExporter: Found data for consumer statisticsSummary in context
2025-11-18 19:56:08,540 INFO o.a.j.r.d.JsonExporter: Creating statistics for overall
2025-11-18 19:56:08,542 INFO o.a.j.r.d.JsonExporter: Creating statistics for other transactions
2025-11-18 19:56:08,543 INFO o.a.j.r.d.JsonExporter: Checking output folder
2025-11-18 19:56:08,543 INFO o.a.j.r.d.JsonExporter: Writing statistics JSON to C:\Users\Administrador\Desktop\teste-software-univas\backend\tests\jmeter\reports\tasks_load_test\statistics.json
2025-11-18 19:56:08,580 INFO o.a.j.r.d.ReportGenerator: Exporting data using exporter:'html' of className:'org.apache.jmeter.report.dashboard.HtmlTemplateExporter'
2025-11-18 19:56:08,583 INFO o.a.j.r.d.HtmlTemplateExporter: Will generate dashboard in folder: C:\Users\Administrador\Desktop\teste-software-univas\backend\tests\jmeter\reports\tasks_load_test
2025-11-18 19:56:08,700 INFO o.a.j.r.d.HtmlTemplateExporter: Report will be generated in: C:\Users\Administrador\Desktop\teste-software-univas\backend\tests\jmeter\reports\tasks_load_test, creating folder structure
2025-11-18 19:56:08,702 INFO o.a.j.r.d.TemplateVisitor: Copying folder from 'C:\Tools\apache-jmeter-5.6.3\bin\report-template' to 'C:\Users\Administrador\Desktop\teste-software-univas\backend\tests\jmeter\reports\tasks_load_test', got message: C:\Users\Administrador\Desktop\teste-software-univas\backend\tests\jmeter\reports\tasks_load_test, found non empty folder with following content [C:\Users\Administrador\Desktop\teste-software-univas\backend\tests\jmeter\reports\tasks_load_test\statistics.json], will be ignored
2025-11-18 19:56:09,292 INFO o.a.j.JMeter: Dashboard generated
